Log file open, 09/12/20 22:44:13
LogInit: Display: Running engine for game: TrainningAdventure
LogPlatformFile: Not using cached read wrapper
LogTaskGraph: Started task graph with 5 named threads and 14 total threads with 3 sets of task threads.
LogStats: Stats thread started at 0.477750
LogD3D11RHI: Loaded GFSDK_Aftermath_Lib.x64.dll
LogICUInternationalization: ICU TimeZone Detection - Raw Offset: +0:00, Platform Override: ''
LogPluginManager: Mounting plugin Paper2D
LogPluginManager: Mounting plugin AISupport
LogPluginManager: Mounting plugin LightPropagationVolume
LogPluginManager: Mounting plugin CameraShakePreviewer
LogPluginManager: Mounting plugin ActorLayerUtilities
LogPluginManager: Mounting plugin AnimationSharing
LogPluginManager: Mounting plugin CLionSourceCodeAccess
LogPluginManager: Mounting plugin CodeLiteSourceCodeAccess
LogPluginManager: Mounting plugin ConcertMain
LogPluginManager: Mounting plugin ConcertSyncClient
LogPluginManager: Mounting plugin ConcertSyncCore
LogPluginManager: Mounting plugin MultiUserClient
LogPluginManager: Mounting plugin GitSourceControl
LogPluginManager: Mounting plugin KDevelopSourceCodeAccess
LogPluginManager: Mounting plugin NullSourceCodeAccess
LogPluginManager: Mounting plugin PerforceSourceControl
LogPluginManager: Mounting plugin PlasticSourceControl
LogPluginManager: Mounting plugin RiderSourceCodeAccess
LogPluginManager: Mounting plugin SubversionSourceControl
LogPluginManager: Mounting plugin UObjectPlugin
LogPluginManager: Mounting plugin VisualStudioCodeSourceCodeAccess
LogPluginManager: Mounting plugin VisualStudioSourceCodeAccess
LogPluginManager: Mounting plugin XCodeSourceCodeAccess
LogPluginManager: Mounting plugin AssetManagerEditor
LogPluginManager: Mounting plugin CryptoKeys
LogPluginManager: Mounting plugin CurveEditorTools
LogPluginManager: Mounting plugin DataValidation
LogPluginManager: Mounting plugin EditorScriptingUtilities
LogPluginManager: Mounting plugin FacialAnimation
LogPluginManager: Mounting plugin GameplayTagsEditor
LogPluginManager: Mounting plugin GeometryMode
LogPluginManager: Mounting plugin MacGraphicsSwitching
LogPluginManager: Mounting plugin MaterialAnalyzer
LogPluginManager: Mounting plugin MobileLauncherProfileWizard
LogPluginManager: Mounting plugin PluginBrowser
LogPluginManager: Mounting plugin SpeedTreeImporter
LogPluginManager: Mounting plugin DatasmithContent
LogPluginManager: Mounting plugin VariantManagerContent
LogPluginManager: Mounting plugin AlembicImporter
LogPluginManager: Mounting plugin AutomationUtils
LogPluginManager: Mounting plugin BackChannel
LogPluginManager: Mounting plugin ChaosCloth
LogPluginManager: Mounting plugin ChaosClothEditor
LogPluginManager: Mounting plugin ChaosEditor
LogPluginManager: Mounting plugin ChaosNiagara
LogPluginManager: Mounting plugin ChaosSolverPlugin
LogPluginManager: Mounting plugin CharacterAI
LogPluginManager: Mounting plugin GeometryCache
LogPluginManager: Mounting plugin GeometryCollectionPlugin
LogPluginManager: Mounting plugin GeometryProcessing
LogPluginManager: Mounting plugin PlanarCut
LogPluginManager: Mounting plugin PlatformCrypto
LogPluginManager: Mounting plugin ProxyLODPlugin
LogPluginManager: Mounting plugin SkeletalReduction
LogPluginManager: Mounting plugin Niagara
LogPluginManager: Mounting plugin MagicLeap
LogPluginManager: Mounting plugin MagicLeapLightEstimation
LogPluginManager: Mounting plugin MagicLeapMedia
LogPluginManager: Mounting plugin MagicLeapPassableWorld
LogPluginManager: Mounting plugin MLSDK
LogPluginManager: Mounting plugin AndroidMedia
LogPluginManager: Mounting plugin AvfMedia
LogPluginManager: Mounting plugin ImgMedia
LogPluginManager: Mounting plugin MediaCompositing
LogPluginManager: Mounting plugin MediaPlayerEditor
LogPluginManager: Mounting plugin WebMMedia
LogPluginManager: Mounting plugin WmfMedia
LogPluginManager: Mounting plugin MeshPainting
LogPluginManager: Mounting plugin TcpMessaging
LogPluginManager: Mounting plugin UdpMessaging
LogPluginManager: Mounting plugin ActorSequence
LogPluginManager: Mounting plugin LevelSequenceEditor
LogPluginManager: Mounting plugin MatineeToLevelSequence
LogPluginManager: Mounting plugin MovieRenderPipeline
LogPluginManager: Mounting plugin TemplateSequence
LogPluginManager: Mounting plugin NetcodeUnitTest
LogPluginManager: Mounting plugin NUTUnrealEngine4
LogPluginManager: Mounting plugin OnlineSubsystemGooglePlay
LogPluginManager: Mounting plugin OnlineSubsystemIOS
LogPluginManager: Mounting plugin OnlineSubsystem
LogPluginManager: Mounting plugin OnlineSubsystemNull
LogPluginManager: Mounting plugin OnlineSubsystemUtils
LogPluginManager: Mounting plugin LauncherChunkInstaller
LogPluginManager: Mounting plugin AndroidDeviceProfileSelector
LogPluginManager: Mounting plugin AndroidMoviePlayer
LogPluginManager: Mounting plugin AndroidPermission
LogPluginManager: Mounting plugin AppleImageUtils
LogPluginManager: Mounting plugin AppleMoviePlayer
LogPluginManager: Mounting plugin ArchVisCharacter
LogPluginManager: Mounting plugin AssetTags
LogPluginManager: Mounting plugin AudioCapture
LogPluginManager: Mounting plugin CableComponent
LogPluginManager: Mounting plugin CustomMeshComponent
LogPluginManager: Mounting plugin SQLiteCore
LogPluginManager: Mounting plugin EditableMesh
LogPluginManager: Mounting plugin ExampleDeviceProfileSelector
LogPluginManager: Mounting plugin GoogleCloudMessaging
LogPluginManager: Mounting plugin GooglePAD
LogPluginManager: Mounting plugin IOSDeviceProfileSelector
LogPluginManager: Mounting plugin LinuxDeviceProfileSelector
LogPluginManager: Mounting plugin LocationServicesBPLibrary
LogPluginManager: Mounting plugin MobilePatchingUtils
LogPluginManager: Mounting plugin OculusVR
LogPluginManager: Mounting plugin PhysXVehicles
LogPluginManager: Mounting plugin PostSplashScreen
LogPluginManager: Mounting plugin ProceduralMeshComponent
LogPluginManager: Mounting plugin RuntimePhysXCooking
LogPluginManager: Mounting plugin SignificanceManager
LogPluginManager: Mounting plugin SoundFields
LogPluginManager: Mounting plugin SteamVR
LogPluginManager: Mounting plugin Synthesis
LogPluginManager: Mounting plugin WebMMoviePlayer
LogPluginManager: Mounting plugin WindowsMoviePlayer
LogPluginManager: Mounting plugin ScreenshotTools
LogInit: Using libcurl 7.55.1-DEV
LogInit:  - built for x86_64-pc-win32
LogInit:  - supports SSL with OpenSSL/1.1.1
LogInit:  - supports HTTP deflate (compression) using libz 1.2.8
LogInit:  - other features:
LogInit:      CURL_VERSION_SSL
LogInit:      CURL_VERSION_LIBZ
LogInit:      CURL_VERSION_IPV6
LogInit:      CURL_VERSION_ASYNCHDNS
LogInit:      CURL_VERSION_LARGEFILE
LogInit:      CURL_VERSION_IDN
LogInit:  CurlRequestOptions (configurable via config and command line):
LogInit:  - bVerifyPeer = true  - Libcurl will verify peer certificate
LogInit:  - bUseHttpProxy = false  - Libcurl will NOT use HTTP proxy
LogInit:  - bDontReuseConnections = false  - Libcurl will reuse connections
LogInit:  - MaxHostConnections = 16  - Libcurl will limit the number of connections to a host
LogInit:  - LocalHostAddr = Default
LogInit:  - BufferSize = 65536
LogOnline: OSS: Creating online subsystem instance for: NULL
LogInit: WinSock: version 1.1 (2.2), MaxSocks=32767, MaxUdp=65467
LogOnline: OSS: TryLoadSubsystemAndSetDefault: Loaded subsystem for module [NULL]
LogInit: Build: ++UE4+Release-4.25-CL-13942748
LogInit: Engine Version: 4.25.3-13942748+++UE4+Release-4.25
LogInit: Compatible Engine Version: 4.25.0-13144385+++UE4+Release-4.25
LogInit: Net CL: 13144385
LogInit: OS: Windows 10 (Release 1903) (), CPU: Intel(R) Core(TM) i5-6400 CPU @ 2.70GHz, GPU: NVIDIA GeForce GTX 1050
LogInit: Compiled (64-bit): Jul 25 2020 02:07:48
LogInit: Compiled with Visual C++: 19.24.28315.00
LogInit: Build Configuration: Development
LogInit: Branch Name: ++UE4+Release-4.25
LogInit: Command Line: 
LogInit: Base Directory: C:/UE_4.25/Engine/Binaries/Win64/
LogInit: Allocator: TBB
LogInit: Installed Engine Build: 1
LogDevObjectVersion: Number of dev versions registered: 26
LogDevObjectVersion:   Dev-Blueprints (B0D832E4-1F89-4F0D-ACCF-7EB736FD4AA2): 10
LogDevObjectVersion:   Dev-Build (E1C64328-A22C-4D53-A36C-8E866417BD8C): 0
LogDevObjectVersion:   Dev-Core (375EC13C-06E4-48FB-B500-84F0262A717E): 4
LogDevObjectVersion:   Dev-Editor (E4B068ED-F494-42E9-A231-DA0B2E46BB41): 38
LogDevObjectVersion:   Dev-Framework (CFFC743F-43B0-4480-9391-14DF171D2073): 37
LogDevObjectVersion:   Dev-Mobile (B02B49B5-BB20-44E9-A304-32B752E40360): 2
LogDevObjectVersion:   Dev-Networking (A4E4105C-59A1-49B5-A7C5-40C4547EDFEE): 0
LogDevObjectVersion:   Dev-Online (39C831C9-5AE6-47DC-9A44-9C173E1C8E7C): 0
LogDevObjectVersion:   Dev-Physics (78F01B33-EBEA-4F98-B9B4-84EACCB95AA2): 4
LogDevObjectVersion:   Dev-Platform (6631380F-2D4D-43E0-8009-CF276956A95A): 0
LogDevObjectVersion:   Dev-Rendering (12F88B9F-8875-4AFC-A67C-D90C383ABD29): 43
LogDevObjectVersion:   Dev-Sequencer (7B5AE74C-D270-4C10-A958-57980B212A5A): 12
LogDevObjectVersion:   Dev-VR (D7296918-1DD6-4BDD-9DE2-64A83CC13884): 3
LogDevObjectVersion:   Dev-LoadTimes (C2A15278-BFE7-4AFE-6C17-90FF531DF755): 1
LogDevObjectVersion:   Private-Geometry (6EACA3D4-40EC-4CC1-B786-8BED09428FC5): 3
LogDevObjectVersion:   Dev-AnimPhys (29E575DD-E0A3-4627-9D10-D276232CDCEA): 17
LogDevObjectVersion:   Dev-Anim (AF43A65D-7FD3-4947-9873-3E8ED9C1BB05): 7
LogDevObjectVersion:   Dev-ReflectionCapture (6B266CEC-1EC7-4B8F-A30B-E4D90942FC07): 1
LogDevObjectVersion:   Dev-Automation (0DF73D61-A23F-47EA-B727-89E90C41499A): 1
LogDevObjectVersion:   FortniteMain (601D1886-AC64-4F84-AA16-D3DE0DEAC7D6): 31
LogDevObjectVersion:   Dev-Enterprise (9DFFBCD6-494F-0158-E221-12823C92A888): 10
LogDevObjectVersion:   Dev-Niagara (F2AED0AC-9AFE-416F-8664-AA7FFA26D6FC): 1
LogDevObjectVersion:   Dev-Destruction (174F1F0B-B4C6-45A5-B13F-2EE8D0FB917D): 10
LogDevObjectVersion:   Dev-Physics-Ext (35F94A83-E258-406C-A318-09F59610247C): 37
LogDevObjectVersion:   Dev-PhysicsMaterial-Chaos (B68FC16E-8B1B-42E2-B453-215C058844FE): 1
LogDevObjectVersion:   Dev-CineCamera (B2E18506-4273-CFC2-A54E-F4BB758BBA07): 1
LogInit: Presizing for max 25165824 objects, including 0 objects not considered by GC, pre-allocating 0 bytes for permanent pool.
LogConfig: Applying CVar settings from Section [/Script/Engine.StreamingSettings] File [C:/Users/Alex/Documents/GitHub/TrainningAdventure/Saved/Config/Windows/Engine.ini]
LogConfig: Setting CVar [[s.MinBulkDataSizeForAsyncLoading:131072]]
LogConfig: Setting CVar [[s.AsyncLoadingThreadEnabled:0]]
LogConfig: Setting CVar [[s.EventDrivenLoaderEnabled:1]]
LogConfig: Setting CVar [[s.WarnIfTimeLimitExceeded:0]]
LogConfig: Setting CVar [[s.TimeLimitExceededMultiplier:1.5]]
LogConfig: Setting CVar [[s.TimeLimitExceededMinTime:0.005]]
LogConfig: Setting CVar [[s.UseBackgroundLevelStreaming:1]]
LogConfig: Setting CVar [[s.PriorityAsyncLoadingExtraTime:15.0]]
LogConfig: Setting CVar [[s.LevelStreamingActorsUpdateTimeLimit:5.0]]
LogConfig: Setting CVar [[s.PriorityLevelStreamingActorsUpdateExtraTime:5.0]]
LogConfig: Setting CVar [[s.LevelStreamingComponentsRegistrationGranularity:10]]
LogConfig: Setting CVar [[s.UnregisterComponentsTimeLimit:1.0]]
LogConfig: Setting CVar [[s.LevelStreamingComponentsUnregistrationGranularity:5]]
LogConfig: Setting CVar [[s.FlushStreamingOnExit:1]]
LogInit: Object subsystem initialized
LogConfig: Setting CVar [[con.DebugEarlyDefault:1]]
LogConfig: Setting CVar [[r.setres:1280x720]]
[2020.09.12-21.44.14:243][  0]LogConfig: Setting CVar [[r.VSync:0]]
[2020.09.12-21.44.14:243][  0]LogConfig: Setting CVar [[r.RHICmdBypass:0]]
[2020.09.12-21.44.14:243][  0]LogConfig: Applying CVar settings from Section [/Script/Engine.RendererSettings] File [C:/Users/Alex/Documents/GitHub/TrainningAdventure/Saved/Config/Windows/Engine.ini]
[2020.09.12-21.44.14:243][  0]LogConfig: Setting CVar [[r.GPUCrashDebugging:0]]
[2020.09.12-21.44.14:243][  0]LogConfig: Applying CVar settings from Section [/Script/Engine.RendererOverrideSettings] File [C:/Users/Alex/Documents/GitHub/TrainningAdventure/Saved/Config/Windows/Engine.ini]
[2020.09.12-21.44.14:243][  0]LogConfig: Applying CVar settings from Section [/Script/Engine.StreamingSettings] File [C:/Users/Alex/Documents/GitHub/TrainningAdventure/Saved/Config/Windows/Engine.ini]
[2020.09.12-21.44.14:243][  0]LogConfig: Setting CVar [[s.MinBulkDataSizeForAsyncLoading:131072]]
[2020.09.12-21.44.14:243][  0]LogConfig: Setting CVar [[s.AsyncLoadingThreadEnabled:0]]
[2020.09.12-21.44.14:243][  0]LogConfig: Setting CVar [[s.EventDrivenLoaderEnabled:1]]
[2020.09.12-21.44.14:243][  0]LogConfig: Setting CVar [[s.WarnIfTimeLimitExceeded:0]]
[2020.09.12-21.44.14:243][  0]LogConfig: Setting CVar [[s.TimeLimitExceededMultiplier:1.5]]
[2020.09.12-21.44.14:243][  0]LogConfig: Setting CVar [[s.TimeLimitExceededMinTime:0.005]]
[2020.09.12-21.44.14:243][  0]LogConfig: Setting CVar [[s.UseBackgroundLevelStreaming:1]]
[2020.09.12-21.44.14:243][  0]LogConfig: Setting CVar [[s.PriorityAsyncLoadingExtraTime:15.0]]
[2020.09.12-21.44.14:243][  0]LogConfig: Setting CVar [[s.LevelStreamingActorsUpdateTimeLimit:5.0]]
[2020.09.12-21.44.14:243][  0]LogConfig: Setting CVar [[s.PriorityLevelStreamingActorsUpdateExtraTime:5.0]]
[2020.09.12-21.44.14:243][  0]LogConfig: Setting CVar [[s.LevelStreamingComponentsRegistrationGranularity:10]]
[2020.09.12-21.44.14:243][  0]LogConfig: Setting CVar [[s.UnregisterComponentsTimeLimit:1.0]]
[2020.09.12-21.44.14:243][  0]LogConfig: Setting CVar [[s.LevelStreamingComponentsUnregistrationGranularity:5]]
[2020.09.12-21.44.14:243][  0]LogConfig: Setting CVar [[s.FlushStreamingOnExit:1]]
[2020.09.12-21.44.14:243][  0]LogConfig: Applying CVar settings from Section [/Script/Engine.GarbageCollectionSettings] File [C:/Users/Alex/Documents/GitHub/TrainningAdventure/Saved/Config/Windows/Engine.ini]
[2020.09.12-21.44.14:243][  0]LogConfig: Setting CVar [[gc.MaxObjectsNotConsideredByGC:1]]
[2020.09.12-21.44.14:243][  0]LogConfig: Setting CVar [[gc.SizeOfPermanentObjectPool:0]]
[2020.09.12-21.44.14:243][  0]LogConfig: Setting CVar [[gc.FlushStreamingOnGC:0]]
[2020.09.12-21.44.14:243][  0]LogConfig: Setting CVar [[gc.NumRetriesBeforeForcingGC:10]]
[2020.09.12-21.44.14:243][  0]LogConfig: Setting CVar [[gc.AllowParallelGC:1]]
[2020.09.12-21.44.14:243][  0]LogConfig: Setting CVar [[gc.TimeBetweenPurgingPendingKillObjects:61.1]]
[2020.09.12-21.44.14:243][  0]LogConfig: Setting CVar [[gc.MaxObjectsInEditor:25165824]]
[2020.09.12-21.44.14:243][  0]LogConfig: Setting CVar [[gc.IncrementalBeginDestroyEnabled:1]]
[2020.09.12-21.44.14:243][  0]LogConfig: Setting CVar [[gc.CreateGCClusters:1]]
[2020.09.12-21.44.14:243][  0]LogConfig: Setting CVar [[gc.MinGCClusterSize:5]]
[2020.09.12-21.44.14:243][  0]LogConfig: Setting CVar [[gc.ActorClusteringEnabled:0]]
[2020.09.12-21.44.14:243][  0]LogConfig: Setting CVar [[gc.BlueprintClusteringEnabled:0]]
[2020.09.12-21.44.14:243][  0]LogConfig: Setting CVar [[gc.UseDisregardForGCOnDedicatedServers:0]]
[2020.09.12-21.44.14:243][  0]LogConfig: Applying CVar settings from Section [/Script/Engine.NetworkSettings] File [C:/Users/Alex/Documents/GitHub/TrainningAdventure/Saved/Config/Windows/Engine.ini]
[2020.09.12-21.44.14:243][  0]LogConfig: Applying CVar settings from Section [/Script/UnrealEd.CookerSettings] File [C:/Users/Alex/Documents/GitHub/TrainningAdventure/Saved/Config/Windows/Engine.ini]
[2020.09.12-21.44.14:247][  0]LogConfig: Applying CVar settings from Section [ViewDistanceQuality@3] File [C:/Users/Alex/Documents/GitHub/TrainningAdventure/Saved/Config/Windows/Scalability.ini]
[2020.09.12-21.44.14:247][  0]LogConfig: Setting CVar [[r.SkeletalMeshLODBias:0]]
[2020.09.12-21.44.14:247][  0]LogConfig: Setting CVar [[r.ViewDistanceScale:1.0]]
[2020.09.12-21.44.14:247][  0]LogConfig: Applying CVar settings from Section [AntiAliasingQuality@3] File [C:/Users/Alex/Documents/GitHub/TrainningAdventure/Saved/Config/Windows/Scalability.ini]
[2020.09.12-21.44.14:247][  0]LogConfig: Setting CVar [[r.PostProcessAAQuality:4]]
[2020.09.12-21.44.14:247][  0]LogConfig: Applying CVar settings from Section [ShadowQuality@3] File [C:/Users/Alex/Documents/GitHub/TrainningAdventure/Saved/Config/Windows/Scalability.ini]
[2020.09.12-21.44.14:247][  0]LogConfig: Setting CVar [[r.LightFunctionQuality:1]]
[2020.09.12-21.44.14:247][  0]LogConfig: Setting CVar [[r.ShadowQuality:5]]
[2020.09.12-21.44.14:247][  0]LogConfig: Setting CVar [[r.Shadow.CSM.MaxCascades:10]]
[2020.09.12-21.44.14:247][  0]LogConfig: Setting CVar [[r.Shadow.MaxResolution:2048]]
[2020.09.12-21.44.14:247][  0]LogConfig: Setting CVar [[r.Shadow.MaxCSMResolution:2048]]
[2020.09.12-21.44.14:247][  0]LogConfig: Setting CVar [[r.Shadow.RadiusThreshold:0.01]]
[2020.09.12-21.44.14:247][  0]LogConfig: Setting CVar [[r.Shadow.DistanceScale:1.0]]
[2020.09.12-21.44.14:247][  0]LogConfig: Setting CVar [[r.Shadow.CSM.TransitionScale:1.0]]
[2020.09.12-21.44.14:247][  0]LogConfig: Setting CVar [[r.Shadow.PreShadowResolutionFactor:1.0]]
[2020.09.12-21.44.14:247][  0]LogConfig: Setting CVar [[r.DistanceFieldShadowing:1]]
[2020.09.12-21.44.14:247][  0]LogConfig: Setting CVar [[r.DistanceFieldAO:1]]
[2020.09.12-21.44.14:247][  0]LogConfig: Setting CVar [[r.AOQuality:2]]
[2020.09.12-21.44.14:247][  0]LogConfig: Setting CVar [[r.VolumetricFog:1]]
[2020.09.12-21.44.14:247][  0]LogConfig: Setting CVar [[r.VolumetricFog.GridPixelSize:8]]
[2020.09.12-21.44.14:247][  0]LogConfig: Setting CVar [[r.VolumetricFog.GridSizeZ:128]]
[2020.09.12-21.44.14:248][  0]LogConfig: Setting CVar [[r.VolumetricFog.HistoryMissSupersampleCount:4]]
[2020.09.12-21.44.14:248][  0]LogConfig: Setting CVar [[r.LightMaxDrawDistanceScale:1]]
[2020.09.12-21.44.14:248][  0]LogConfig: Setting CVar [[r.CapsuleShadows:1]]
[2020.09.12-21.44.14:248][  0]LogConfig: Applying CVar settings from Section [PostProcessQuality@3] File [C:/Users/Alex/Documents/GitHub/TrainningAdventure/Saved/Config/Windows/Scalability.ini]
[2020.09.12-21.44.14:248][  0]LogConfig: Setting CVar [[r.MotionBlurQuality:4]]
[2020.09.12-21.44.14:248][  0]LogConfig: Setting CVar [[r.AmbientOcclusionMipLevelFactor:0.4]]
[2020.09.12-21.44.14:248][  0]LogConfig: Setting CVar [[r.AmbientOcclusionMaxQuality:100]]
[2020.09.12-21.44.14:248][  0]LogConfig: Setting CVar [[r.AmbientOcclusionLevels:-1]]
[2020.09.12-21.44.14:248][  0]LogConfig: Setting CVar [[r.AmbientOcclusionRadiusScale:1.0]]
[2020.09.12-21.44.14:248][  0]LogConfig: Setting CVar [[r.DepthOfFieldQuality:2]]
[2020.09.12-21.44.14:248][  0]LogConfig: Setting CVar [[r.RenderTargetPoolMin:400]]
[2020.09.12-21.44.14:248][  0]LogConfig: Setting CVar [[r.LensFlareQuality:2]]
[2020.09.12-21.44.14:248][  0]LogConfig: Setting CVar [[r.SceneColorFringeQuality:1]]
[2020.09.12-21.44.14:248][  0]LogConfig: Setting CVar [[r.EyeAdaptationQuality:2]]
[2020.09.12-21.44.14:248][  0]LogConfig: Setting CVar [[r.BloomQuality:5]]
[2020.09.12-21.44.14:248][  0]LogConfig: Setting CVar [[r.FastBlurThreshold:100]]
[2020.09.12-21.44.14:248][  0]LogConfig: Setting CVar [[r.Upscale.Quality:3]]
[2020.09.12-21.44.14:248][  0]LogConfig: Setting CVar [[r.Tonemapper.GrainQuantization:1]]
[2020.09.12-21.44.14:248][  0]LogConfig: Setting CVar [[r.LightShaftQuality:1]]
[2020.09.12-21.44.14:248][  0]LogConfig: Setting CVar [[r.Filter.SizeScale:1]]
[2020.09.12-21.44.14:248][  0]LogConfig: Setting CVar [[r.Tonemapper.Quality:5]]
[2020.09.12-21.44.14:248][  0]LogConfig: Setting CVar [[r.DOF.Gather.AccumulatorQuality:1        ; higher gathering accumulator quality]]
[2020.09.12-21.44.14:248][  0]LogConfig: Setting CVar [[r.DOF.Gather.PostfilterMethod:1          ; Median3x3 postfilering method]]
[2020.09.12-21.44.14:248][  0]LogConfig: Setting CVar [[r.DOF.Gather.EnableBokehSettings:0       ; no bokeh simulation when gathering]]
[2020.09.12-21.44.14:248][  0]LogConfig: Setting CVar [[r.DOF.Gather.RingCount:4                 ; medium number of samples when gathering]]
[2020.09.12-21.44.14:248][  0]LogConfig: Setting CVar [[r.DOF.Scatter.ForegroundCompositing:1    ; additive foreground scattering]]
[2020.09.12-21.44.14:248][  0]LogConfig: Setting CVar [[r.DOF.Scatter.BackgroundCompositing:2    ; additive background scattering]]
[2020.09.12-21.44.14:248][  0]LogConfig: Setting CVar [[r.DOF.Scatter.EnableBokehSettings:1      ; bokeh simulation when scattering]]
[2020.09.12-21.44.14:248][  0]LogConfig: Setting CVar [[r.DOF.Scatter.MaxSpriteRatio:0.1         ; only a maximum of 10% of scattered bokeh]]
[2020.09.12-21.44.14:248][  0]LogConfig: Setting CVar [[r.DOF.Recombine.Quality:1                ; cheap slight out of focus]]
[2020.09.12-21.44.14:248][  0]LogConfig: Setting CVar [[r.DOF.Recombine.EnableBokehSettings:0    ; no bokeh simulation on slight out of focus]]
[2020.09.12-21.44.14:248][  0]LogConfig: Setting CVar [[r.DOF.TemporalAAQuality:1                ; more stable temporal accumulation]]
[2020.09.12-21.44.14:248][  0]LogConfig: Setting CVar [[r.DOF.Kernel.MaxForegroundRadius:0.025]]
[2020.09.12-21.44.14:248][  0]LogConfig: Setting CVar [[r.DOF.Kernel.MaxBackgroundRadius:0.025]]
[2020.09.12-21.44.14:248][  0]LogConfig: Applying CVar settings from Section [TextureQuality@3] File [C:/Users/Alex/Documents/GitHub/TrainningAdventure/Saved/Config/Windows/Scalability.ini]
[2020.09.12-21.44.14:248][  0]LogConfig: Setting CVar [[r.Streaming.MipBias:0]]
[2020.09.12-21.44.14:248][  0]LogConfig: Setting CVar [[r.Streaming.AmortizeCPUToGPUCopy:0]]
[2020.09.12-21.44.14:248][  0]LogConfig: Setting CVar [[r.Streaming.MaxNumTexturesToStreamPerFrame:0]]
[2020.09.12-21.44.14:248][  0]LogConfig: Setting CVar [[r.Streaming.Boost:1]]
[2020.09.12-21.44.14:248][  0]LogConfig: Setting CVar [[r.MaxAnisotropy:8]]
[2020.09.12-21.44.14:248][  0]LogConfig: Setting CVar [[r.VT.MaxAnisotropy:8]]
[2020.09.12-21.44.14:248][  0]LogConfig: Setting CVar [[r.Streaming.LimitPoolSizeToVRAM:0]]
[2020.09.12-21.44.14:248][  0]LogConfig: Setting CVar [[r.Streaming.PoolSize:1000]]
[2020.09.12-21.44.14:248][  0]LogConfig: Setting CVar [[r.Streaming.MaxEffectiveScreenSize:0]]
[2020.09.12-21.44.14:248][  0]LogConfig: Applying CVar settings from Section [EffectsQuality@3] File [C:/Users/Alex/Documents/GitHub/TrainningAdventure/Saved/Config/Windows/Scalability.ini]
[2020.09.12-21.44.14:248][  0]LogConfig: Setting CVar [[r.TranslucencyLightingVolumeDim:64]]
[2020.09.12-21.44.14:248][  0]LogConfig: Setting CVar [[r.RefractionQuality:2]]
[2020.09.12-21.44.14:248][  0]LogConfig: Setting CVar [[r.SSR.Quality:3]]
[2020.09.12-21.44.14:248][  0]LogConfig: Setting CVar [[r.SSR.HalfResSceneColor:0]]
[2020.09.12-21.44.14:248][  0]LogConfig: Setting CVar [[r.SceneColorFormat:4]]
[2020.09.12-21.44.14:248][  0]LogConfig: Setting CVar [[r.DetailMode:2]]
[2020.09.12-21.44.14:248][  0]LogConfig: Setting CVar [[r.TranslucencyVolumeBlur:1]]
[2020.09.12-21.44.14:248][  0]LogConfig: Setting CVar [[r.MaterialQualityLevel:1 ; High quality]]
[2020.09.12-21.44.14:248][  0]LogConfig: Setting CVar [[r.SSS.Scale:1]]
[2020.09.12-21.44.14:248][  0]LogConfig: Setting CVar [[r.SSS.SampleSet:2]]
[2020.09.12-21.44.14:249][  0]LogConfig: Setting CVar [[r.SSS.Quality:1]]
[2020.09.12-21.44.14:249][  0]LogConfig: Setting CVar [[r.SSS.HalfRes:0]]
[2020.09.12-21.44.14:249][  0]LogConfig: Setting CVar [[r.SSGI.Quality:3]]
[2020.09.12-21.44.14:249][  0]LogConfig: Setting CVar [[r.EmitterSpawnRateScale:1.0]]
[2020.09.12-21.44.14:249][  0]LogConfig: Setting CVar [[r.ParticleLightQuality:2]]
[2020.09.12-21.44.14:249][  0]LogConfig: Setting CVar [[r.SkyAtmosphere.AerialPerspectiveLUT.FastApplyOnOpaque:1 ; Always have FastSkyLUT 1 in this case to avoid wrong sky]]
[2020.09.12-21.44.14:249][  0]LogConfig: Setting CVar [[r.SkyAtmosphere.AerialPerspectiveLUT.SampleCountPerSlice:1]]
[2020.09.12-21.44.14:249][  0]LogConfig: Setting CVar [[r.SkyAtmosphere.AerialPerspectiveLUT.DepthResolution:16.0]]
[2020.09.12-21.44.14:249][  0]LogConfig: Setting CVar [[r.SkyAtmosphere.FastSkyLUT:1]]
[2020.09.12-21.44.14:249][  0]LogConfig: Setting CVar [[r.SkyAtmosphere.FastSkyLUT.SampleCountMin:4.0]]
[2020.09.12-21.44.14:249][  0]LogConfig: Setting CVar [[r.SkyAtmosphere.FastSkyLUT.SampleCountMax:32.0]]
[2020.09.12-21.44.14:249][  0]LogConfig: Setting CVar [[r.SkyAtmosphere.SampleCountMin:4.0]]
[2020.09.12-21.44.14:249][  0]LogConfig: Setting CVar [[r.SkyAtmosphere.SampleCountMax:32.0]]
[2020.09.12-21.44.14:249][  0]LogConfig: Setting CVar [[r.SkyAtmosphere.TransmittanceLUT.UseSmallFormat:0]]
[2020.09.12-21.44.14:249][  0]LogConfig: Setting CVar [[r.SkyAtmosphere.TransmittanceLUT.SampleCount:10.0]]
[2020.09.12-21.44.14:249][  0]LogConfig: Setting CVar [[r.SkyAtmosphere.MultiScatteringLUT.SampleCount:15.0]]
[2020.09.12-21.44.14:249][  0]LogConfig: Applying CVar settings from Section [FoliageQuality@3] File [C:/Users/Alex/Documents/GitHub/TrainningAdventure/Saved/Config/Windows/Scalability.ini]
[2020.09.12-21.44.14:249][  0]LogConfig: Setting CVar [[foliage.DensityScale:1.0]]
[2020.09.12-21.44.14:249][  0]LogConfig: Setting CVar [[grass.DensityScale:1.0]]
[2020.09.12-21.44.14:249][  0]LogConfig: Applying CVar settings from Section [ShadingQuality@3] File [C:/Users/Alex/Documents/GitHub/TrainningAdventure/Saved/Config/Windows/Scalability.ini]
[2020.09.12-21.44.14:249][  0]LogConfig: Setting CVar [[r.HairStrands.SkyLighting.SampleCount:16]]
[2020.09.12-21.44.14:249][  0]LogConfig: Setting CVar [[r.HairStrands.SkyLighting.JitterIntegration:0]]
[2020.09.12-21.44.14:249][  0]LogConfig: Setting CVar [[r.HairStrands.SkyAO.SampleCount:16]]
[2020.09.12-21.44.14:249][  0]LogConfig: Setting CVar [[r.HairStrands.DeepShadow.SuperSampling:0]]
[2020.09.12-21.44.14:249][  0]LogConfig: Setting CVar [[r.HairStrands.VisibilityPPLL:0]]
[2020.09.12-21.44.14:249][  0]LogConfig: Setting CVar [[r.HairStrands.RasterizationScale:0.5]]
[2020.09.12-21.44.14:249][  0]LogConfig: Setting CVar [[r.HairStrands.VelocityRasterizationScale:1]]
[2020.09.12-21.44.14:249][  0]LogInit: Selected Device Profile: [Windows]
[2020.09.12-21.44.14:249][  0]LogInit: Applying CVar settings loaded from the selected device profile: [Windows]
[2020.09.12-21.44.14:249][  0]LogHAL: Display: Platform has ~ 16 GB [17129988096 / 17179869184 / 16], which maps to Larger [LargestMinGB=32, LargerMinGB=12, DefaultMinGB=8, SmallerMinGB=6, SmallestMinGB=0)
[2020.09.12-21.44.14:249][  0]LogInit: Going up to parent DeviceProfile []
[2020.09.12-21.44.14:249][  0]LogConfig: Applying CVar settings from Section [ViewDistanceQuality@1] File [C:/Users/Alex/Documents/GitHub/TrainningAdventure/Saved/Config/Windows/Scalability.ini]
[2020.09.12-21.44.14:249][  0]LogConfig: Setting CVar [[r.SkeletalMeshLODBias:1]]
[2020.09.12-21.44.14:249][  0]LogConfig: Setting CVar [[r.ViewDistanceScale:0.6]]
[2020.09.12-21.44.14:249][  0]LogConfig: Applying CVar settings from Section [AntiAliasingQuality@1] File [C:/Users/Alex/Documents/GitHub/TrainningAdventure/Saved/Config/Windows/Scalability.ini]
[2020.09.12-21.44.14:249][  0]LogConfig: Setting CVar [[r.PostProcessAAQuality:2]]
[2020.09.12-21.44.14:249][  0]LogConfig: Applying CVar settings from Section [ShadowQuality@1] File [C:/Users/Alex/Documents/GitHub/TrainningAdventure/Saved/Config/Windows/Scalability.ini]
[2020.09.12-21.44.14:249][  0]LogConfig: Setting CVar [[r.LightFunctionQuality:1]]
[2020.09.12-21.44.14:250][  0]LogConfig: Setting CVar [[r.ShadowQuality:3]]
[2020.09.12-21.44.14:250][  0]LogConfig: Setting CVar [[r.Shadow.CSM.MaxCascades:1]]
[2020.09.12-21.44.14:250][  0]LogConfig: Setting CVar [[r.Shadow.MaxResolution:1024]]
[2020.09.12-21.44.14:250][  0]LogConfig: Setting CVar [[r.Shadow.MaxCSMResolution:1024]]
[2020.09.12-21.44.14:250][  0]LogConfig: Setting CVar [[r.Shadow.RadiusThreshold:0.05]]
[2020.09.12-21.44.14:250][  0]LogConfig: Setting CVar [[r.Shadow.DistanceScale:0.7]]
[2020.09.12-21.44.14:250][  0]LogConfig: Setting CVar [[r.Shadow.CSM.TransitionScale:0.25]]
[2020.09.12-21.44.14:250][  0]LogConfig: Setting CVar [[r.Shadow.PreShadowResolutionFactor:0.5]]
[2020.09.12-21.44.14:250][  0]LogConfig: Setting CVar [[r.DistanceFieldShadowing:0]]
[2020.09.12-21.44.14:250][  0]LogConfig: Setting CVar [[r.DistanceFieldAO:0]]
[2020.09.12-21.44.14:250][  0]LogConfig: Setting CVar [[r.VolumetricFog:0]]
[2020.09.12-21.44.14:250][  0]LogConfig: Setting CVar [[r.LightMaxDrawDistanceScale:.5]]
[2020.09.12-21.44.14:250][  0]LogConfig: Setting CVar [[r.CapsuleShadows:1]]
[2020.09.12-21.44.14:250][  0]LogConfig: Applying CVar settings from Section [PostProcessQuality@1] File [C:/Users/Alex/Documents/GitHub/TrainningAdventure/Saved/Config/Windows/Scalability.ini]
[2020.09.12-21.44.14:250][  0]LogConfig: Setting CVar [[r.MotionBlurQuality:3]]
[2020.09.12-21.44.14:250][  0]LogConfig: Setting CVar [[r.AmbientOcclusionMipLevelFactor:1.0]]
[2020.09.12-21.44.14:250][  0]LogConfig: Setting CVar [[r.AmbientOcclusionMaxQuality:60]]
[2020.09.12-21.44.14:250][  0]LogConfig: Setting CVar [[r.AmbientOcclusionLevels:-1]]
[2020.09.12-21.44.14:250][  0]LogConfig: Setting CVar [[r.AmbientOcclusionRadiusScale:1.5]]
[2020.09.12-21.44.14:250][  0]LogConfig: Setting CVar [[r.DepthOfFieldQuality:1]]
[2020.09.12-21.44.14:250][  0]LogConfig: Setting CVar [[r.RenderTargetPoolMin:350]]
[2020.09.12-21.44.14:250][  0]LogConfig: Setting CVar [[r.LensFlareQuality:0]]
[2020.09.12-21.44.14:250][  0]LogConfig: Setting CVar [[r.SceneColorFringeQuality:0]]
[2020.09.12-21.44.14:250][  0]LogConfig: Setting CVar [[r.EyeAdaptationQuality:0]]
[2020.09.12-21.44.14:250][  0]LogConfig: Setting CVar [[r.BloomQuality:4]]
[2020.09.12-21.44.14:250][  0]LogConfig: Setting CVar [[r.FastBlurThreshold:2]]
[2020.09.12-21.44.14:250][  0]LogConfig: Setting CVar [[r.Upscale.Quality:2]]
[2020.09.12-21.44.14:250][  0]LogConfig: Setting CVar [[r.Tonemapper.GrainQuantization:0]]
[2020.09.12-21.44.14:250][  0]LogConfig: Setting CVar [[r.LightShaftQuality:0]]
[2020.09.12-21.44.14:250][  0]LogConfig: Setting CVar [[r.Filter.SizeScale:0.7]]
[2020.09.12-21.44.14:250][  0]LogConfig: Setting CVar [[r.Tonemapper.Quality:2]]
[2020.09.12-21.44.14:250][  0]LogConfig: Setting CVar [[r.DOF.Gather.AccumulatorQuality:0        ; lower gathering accumulator quality]]
[2020.09.12-21.44.14:250][  0]LogConfig: Setting CVar [[r.DOF.Gather.PostfilterMethod:2          ; Max3x3 postfilering method]]
[2020.09.12-21.44.14:250][  0]LogConfig: Setting CVar [[r.DOF.Gather.EnableBokehSettings:0       ; no bokeh simulation when gathering]]
[2020.09.12-21.44.14:250][  0]LogConfig: Setting CVar [[r.DOF.Gather.RingCount:3                 ; low number of samples when gathering]]
[2020.09.12-21.44.14:250][  0]LogConfig: Setting CVar [[r.DOF.Scatter.ForegroundCompositing:0    ; no foreground scattering]]
[2020.09.12-21.44.14:250][  0]LogConfig: Setting CVar [[r.DOF.Scatter.BackgroundCompositing:0    ; no foreground scattering]]
[2020.09.12-21.44.14:250][  0]LogConfig: Setting CVar [[r.DOF.Recombine.Quality:0                ; no slight out of focus]]
[2020.09.12-21.44.14:250][  0]LogConfig: Setting CVar [[r.DOF.TemporalAAQuality:0                ; faster temporal accumulation]]
[2020.09.12-21.44.14:251][  0]LogConfig: Setting CVar [[r.DOF.Kernel.MaxForegroundRadius:0.006   ; required because low gathering and no scattering and not looking great at 1080p]]
[2020.09.12-21.44.14:251][  0]LogConfig: Setting CVar [[r.DOF.Kernel.MaxBackgroundRadius:0.006   ; required because low gathering and no scattering and not looking great at 1080p]]
[2020.09.12-21.44.14:251][  0]LogConfig: Applying CVar settings from Section [TextureQuality@1] File [C:/Users/Alex/Documents/GitHub/TrainningAdventure/Saved/Config/Windows/Scalability.ini]
[2020.09.12-21.44.14:251][  0]LogConfig: Setting CVar [[r.Streaming.MipBias:1]]
[2020.09.12-21.44.14:251][  0]LogConfig: Setting CVar [[r.Streaming.AmortizeCPUToGPUCopy:0]]
[2020.09.12-21.44.14:251][  0]LogConfig: Setting CVar [[r.Streaming.MaxNumTexturesToStreamPerFrame:0]]
[2020.09.12-21.44.14:251][  0]LogConfig: Setting CVar [[r.Streaming.Boost:1]]
[2020.09.12-21.44.14:251][  0]LogConfig: Setting CVar [[r.MaxAnisotropy:2]]
[2020.09.12-21.44.14:251][  0]LogConfig: Setting CVar [[r.VT.MaxAnisotropy:4]]
[2020.09.12-21.44.14:251][  0]LogConfig: Setting CVar [[r.Streaming.LimitPoolSizeToVRAM:1]]
[2020.09.12-21.44.14:251][  0]LogConfig: Setting CVar [[r.Streaming.PoolSize:600]]
[2020.09.12-21.44.14:251][  0]LogConfig: Setting CVar [[r.Streaming.MaxEffectiveScreenSize:0]]
[2020.09.12-21.44.14:251][  0]LogConfig: Applying CVar settings from Section [EffectsQuality@1] File [C:/Users/Alex/Documents/GitHub/TrainningAdventure/Saved/Config/Windows/Scalability.ini]
[2020.09.12-21.44.14:251][  0]LogConfig: Setting CVar [[r.TranslucencyLightingVolumeDim:32]]
[2020.09.12-21.44.14:251][  0]LogConfig: Setting CVar [[r.RefractionQuality:0]]
[2020.09.12-21.44.14:251][  0]LogConfig: Setting CVar [[r.SSR.Quality:0]]
[2020.09.12-21.44.14:251][  0]LogConfig: Setting CVar [[r.SSR.HalfResSceneColor:1]]
[2020.09.12-21.44.14:251][  0]LogConfig: Setting CVar [[r.SceneColorFormat:3]]
[2020.09.12-21.44.14:251][  0]LogConfig: Setting CVar [[r.DetailMode:1]]
[2020.09.12-21.44.14:251][  0]LogConfig: Setting CVar [[r.TranslucencyVolumeBlur:0]]
[2020.09.12-21.44.14:251][  0]LogConfig: Setting CVar [[r.MaterialQualityLevel:2 ; Medium quality]]
[2020.09.12-21.44.14:251][  0]LogConfig: Setting CVar [[r.SSS.Scale:0.75]]
[2020.09.12-21.44.14:251][  0]LogConfig: Setting CVar [[r.SSS.SampleSet:0]]
[2020.09.12-21.44.14:251][  0]LogConfig: Setting CVar [[r.SSS.Quality:0]]
[2020.09.12-21.44.14:251][  0]LogConfig: Setting CVar [[r.SSS.HalfRes:1]]
[2020.09.12-21.44.14:251][  0]LogConfig: Setting CVar [[r.SSGI.Quality:1]]
[2020.09.12-21.44.14:251][  0]LogConfig: Setting CVar [[r.EmitterSpawnRateScale:0.25]]
[2020.09.12-21.44.14:251][  0]LogConfig: Setting CVar [[r.ParticleLightQuality:0]]
[2020.09.12-21.44.14:251][  0]LogConfig: Setting CVar [[r.SkyAtmosphere.AerialPerspectiveLUT.FastApplyOnOpaque:1 ; Always have FastSkyLUT 1 in this case to avoid wrong sky]]
[2020.09.12-21.44.14:251][  0]LogConfig: Setting CVar [[r.SkyAtmosphere.AerialPerspectiveLUT.SampleCountPerSlice:1]]
[2020.09.12-21.44.14:251][  0]LogConfig: Setting CVar [[r.SkyAtmosphere.AerialPerspectiveLUT.DepthResolution:16.0]]
[2020.09.12-21.44.14:251][  0]LogConfig: Setting CVar [[r.SkyAtmosphere.FastSkyLUT:1]]
[2020.09.12-21.44.14:251][  0]LogConfig: Setting CVar [[r.SkyAtmosphere.FastSkyLUT.SampleCountMin:4.0]]
[2020.09.12-21.44.14:251][  0]LogConfig: Setting CVar [[r.SkyAtmosphere.FastSkyLUT.SampleCountMax:32.0]]
[2020.09.12-21.44.14:251][  0]LogConfig: Setting CVar [[r.SkyAtmosphere.SampleCountMin:4.0]]
[2020.09.12-21.44.14:251][  0]LogConfig: Setting CVar [[r.SkyAtmosphere.SampleCountMax:32.0]]
[2020.09.12-21.44.14:251][  0]LogConfig: Setting CVar [[r.SkyAtmosphere.TransmittanceLUT.UseSmallFormat:0]]
[2020.09.12-21.44.14:251][  0]LogConfig: Setting CVar [[r.SkyAtmosphere.TransmittanceLUT.SampleCount:10.0]]
[2020.09.12-21.44.14:251][  0]LogConfig: Setting CVar [[r.SkyAtmosphere.MultiScatteringLUT.SampleCount:15.0]]
[2020.09.12-21.44.14:251][  0]LogConfig: Applying CVar settings from Section [FoliageQuality@1] File [C:/Users/Alex/Documents/GitHub/TrainningAdventure/Saved/Config/Windows/Scalability.ini]
[2020.09.12-21.44.14:251][  0]LogConfig: Setting CVar [[foliage.DensityScale:0.4]]
[2020.09.12-21.44.14:251][  0]LogConfig: Setting CVar [[grass.DensityScale:0.4]]
[2020.09.12-21.44.14:251][  0]LogConfig: Applying CVar settings from Section [ShadingQuality@1] File [C:/Users/Alex/Documents/GitHub/TrainningAdventure/Saved/Config/Windows/Scalability.ini]
[2020.09.12-21.44.14:251][  0]LogConfig: Setting CVar [[r.HairStrands.SkyLighting.SampleCount:16]]
[2020.09.12-21.44.14:251][  0]LogConfig: Setting CVar [[r.HairStrands.SkyLighting.JitterIntegration:0]]
[2020.09.12-21.44.14:251][  0]LogConfig: Setting CVar [[r.HairStrands.SkyAO.SampleCount:16]]
[2020.09.12-21.44.14:251][  0]LogConfig: Setting CVar [[r.HairStrands.DeepShadow.SuperSampling:0]]
[2020.09.12-21.44.14:251][  0]LogConfig: Setting CVar [[r.HairStrands.VisibilityPPLL:0]]
[2020.09.12-21.44.14:251][  0]LogConfig: Setting CVar [[r.HairStrands.RasterizationScale:0.5]]
[2020.09.12-21.44.14:251][  0]LogConfig: Setting CVar [[r.HairStrands.VelocityRasterizationScale:1]]
[2020.09.12-21.44.14:252][  0]LogConfig: Applying CVar settings from Section [Startup] File [../../../Engine/Config/ConsoleVariables.ini]
[2020.09.12-21.44.14:252][  0]LogConfig: Setting CVar [[net.UseAdaptiveNetUpdateFrequency:0]]
[2020.09.12-21.44.14:252][  0]LogConfig: Setting CVar [[p.chaos.AllowCreatePhysxBodies:1]]
[2020.09.12-21.44.14:252][  0]LogConfig: Setting CVar [[fx.SkipVectorVMBackendOptimizations:1]]
[2020.09.12-21.44.14:252][  0]LogConfig: Applying CVar settings from Section [ConsoleVariables] File [C:/Users/Alex/Documents/GitHub/TrainningAdventure/Saved/Config/Windows/Engine.ini]
[2020.09.12-21.44.14:252][  0]LogInit: Computer: DINOPC
[2020.09.12-21.44.14:252][  0]LogInit: User: Alex
[2020.09.12-21.44.14:252][  0]LogInit: CPU Page size=4096, Cores=4
[2020.09.12-21.44.14:252][  0]LogInit: High frequency timer resolution =10.000000 MHz
[2020.09.12-21.44.14:252][  0]LogMemory: Memory total: Physical=16.0GB (16GB approx)
[2020.09.12-21.44.14:252][  0]LogMemory: Platform Memory Stats for Windows
[2020.09.12-21.44.14:252][  0]LogMemory: Process Physical Memory: 114.32 MB used, 114.32 MB peak
[2020.09.12-21.44.14:252][  0]LogMemory: Process Virtual Memory: 95.64 MB used, 95.64 MB peak
[2020.09.12-21.44.14:253][  0]LogMemory: Physical Memory: 7274.27 MB used,  9062.16 MB free, 16336.43 MB total
[2020.09.12-21.44.14:253][  0]LogMemory: Virtual Memory: 5126.78 MB used,  134212600.00 MB free, 134217728.00 MB total
[2020.09.12-21.44.14:263][  0]LogWindows: WindowsPlatformFeatures enabled
[2020.09.12-21.44.14:316][  0]LogInit: Physics initialised using underlying interface: PhysX
[2020.09.12-21.44.14:317][  0]LogInit: Using OS detected language (en-US).
[2020.09.12-21.44.14:317][  0]LogInit: Using OS detected locale (en-GB).
[2020.09.12-21.44.14:325][  0]LogTextLocalizationManager: No specific localization for 'en-US' exists, so the 'en' localization will be used.
[2020.09.12-21.44.14:580][  0]LogInit: Setting process to per monitor DPI aware
[2020.09.12-21.44.14:622][  0]LogSlate: New Slate User Created.  User Index 0, Is Virtual User: 0
[2020.09.12-21.44.14:622][  0]LogSlate: Slate User Registered.  User Index 0, Is Virtual User: 0
[2020.09.12-21.44.14:800][  0]LogHMD: Failed to initialize OpenVR with code 110
[2020.09.12-21.44.14:800][  0]LogD3D11RHI: D3D11 min allowed feature level: 11_0
[2020.09.12-21.44.14:800][  0]LogD3D11RHI: D3D11 max allowed feature level: 11_0
[2020.09.12-21.44.14:800][  0]LogD3D11RHI: D3D11 adapters:
[2020.09.12-21.44.14:882][  0]LogD3D11RHI:    0. 'NVIDIA GeForce GTX 1050' (Feature Level 11_0)
[2020.09.12-21.44.14:882][  0]LogD3D11RHI:       1977/0/8168 MB DedicatedVideo/DedicatedSystem/SharedSystem, Outputs:1, VendorId:0x10de
[2020.09.12-21.44.14:885][  0]LogD3D11RHI:    1. 'Microsoft Basic Render Driver' (Feature Level 11_0)
[2020.09.12-21.44.14:885][  0]LogD3D11RHI:       0/0/8168 MB DedicatedVideo/DedicatedSystem/SharedSystem, Outputs:0, VendorId:0x1414
[2020.09.12-21.44.14:885][  0]LogD3D11RHI: Chosen D3D11 Adapter: 0
[2020.09.12-21.44.14:896][  0]LogD3D11RHI: Creating new Direct3DDevice
[2020.09.12-21.44.14:896][  0]LogD3D11RHI:     GPU DeviceId: 0x1c81 (for the marketing name, search the web for "GPU Device Id")
[2020.09.12-21.44.14:896][  0]LogWindows: EnumDisplayDevices:
[2020.09.12-21.44.14:896][  0]LogWindows:    0. 'NVIDIA GeForce GTX 1050' (P:1 D:1)
[2020.09.12-21.44.14:897][  0]LogWindows:    1. 'NVIDIA GeForce GTX 1050' (P:0 D:0)
[2020.09.12-21.44.14:897][  0]LogWindows:    2. 'NVIDIA GeForce GTX 1050' (P:0 D:0)
[2020.09.12-21.44.14:898][  0]LogWindows:    3. 'NVIDIA GeForce GTX 1050' (P:0 D:0)
[2020.09.12-21.44.14:899][  0]LogWindows: DebugString: FoundDriverCount:4 
[2020.09.12-21.44.14:899][  0]LogD3D11RHI:     Adapter Name: NVIDIA GeForce GTX 1050
[2020.09.12-21.44.14:899][  0]LogD3D11RHI:   Driver Version: 452.06 (internal:27.21.14.5206, unified:452.06)
[2020.09.12-21.44.14:899][  0]LogD3D11RHI:      Driver Date: 8-12-2020
[2020.09.12-21.44.14:899][  0]LogRHI: Texture pool is 1384 MB (70% of 1977 MB)
[2020.09.12-21.44.14:963][  0]LogD3D11RHI: RHI has support for 64 bit atomics
[2020.09.12-21.44.14:966][  0]LogD3D11RHI: [Aftermath] Enabled and primed
[2020.09.12-21.44.14:966][  0]LogD3D11RHI: Async texture creation enabled
[2020.09.12-21.44.14:966][  0]LogD3D11RHI: Array index from any shader is supported
[2020.09.12-21.44.15:006][  0]LogD3D11RHI: GPU Timing Frequency: 1000.000000 (Debug: 2 1)
[2020.09.12-21.44.15:547][  0]LogTargetPlatformManager: Display: Loaded TargetPlatform 'AllDesktop'
[2020.09.12-21.44.15:575][  0]LogTargetPlatformManager: Display: Loaded TargetPlatform 'Android'
[2020.09.12-21.44.15:575][  0]LogTargetPlatformManager: Display: Loaded TargetPlatform 'Android_ASTC'
[2020.09.12-21.44.15:575][  0]LogTargetPlatformManager: Display: Loaded TargetPlatform 'Android_DXT'
[2020.09.12-21.44.15:575][  0]LogTargetPlatformManager: Display: Loaded TargetPlatform 'Android_ETC2'
[2020.09.12-21.44.15:575][  0]LogTargetPlatformManager: Display: Loaded TargetPlatform 'AndroidClient'
[2020.09.12-21.44.15:575][  0]LogTargetPlatformManager: Display: Loaded TargetPlatform 'Android_ASTCClient'
[2020.09.12-21.44.15:575][  0]LogTargetPlatformManager: Display: Loaded TargetPlatform 'Android_DXTClient'
[2020.09.12-21.44.15:575][  0]LogTargetPlatformManager: Display: Loaded TargetPlatform 'Android_ETC2Client'
[2020.09.12-21.44.15:575][  0]LogTargetPlatformManager: Display: Loaded TargetPlatform 'Android_Multi'
[2020.09.12-21.44.15:575][  0]LogTargetPlatformManager: Display: Loaded TargetPlatform 'Android_MultiClient'
[2020.09.12-21.44.15:608][  0]LogTargetPlatformManager: Display: Loaded TargetPlatform 'IOSClient'
[2020.09.12-21.44.15:608][  0]LogTargetPlatformManager: Display: Loaded TargetPlatform 'IOS'
[2020.09.12-21.44.15:622][  0]LogTargetPlatformManager: Display: Loaded TargetPlatform 'Linux'
[2020.09.12-21.44.15:634][  0]LogTargetPlatformManager: Display: Loaded TargetPlatform 'LinuxNoEditor'
[2020.09.12-21.44.15:646][  0]LogTargetPlatformManager: Display: Loaded TargetPlatform 'LinuxClient'
[2020.09.12-21.44.15:657][  0]LogTargetPlatformManager: Display: Loaded TargetPlatform 'LinuxServer'
[2020.09.12-21.44.15:669][  0]LogTargetPlatformManager: Display: Loaded TargetPlatform 'LinuxAArch64NoEditor'
[2020.09.12-21.44.15:681][  0]LogTargetPlatformManager: Display: Loaded TargetPlatform 'LinuxAArch64Client'
[2020.09.12-21.44.15:693][  0]LogTargetPlatformManager: Display: Loaded TargetPlatform 'LinuxAArch64Server'
[2020.09.12-21.44.15:727][  0]LogTargetPlatformManager: Display: Loaded TargetPlatform 'Lumin'
[2020.09.12-21.44.15:727][  0]LogTargetPlatformManager: Display: Loaded TargetPlatform 'LuminClient'
[2020.09.12-21.44.15:746][  0]LogTargetPlatformManager: Display: Loaded TargetPlatform 'TVOSClient'
[2020.09.12-21.44.15:746][  0]LogTargetPlatformManager: Display: Loaded TargetPlatform 'TVOS'
[2020.09.12-21.44.15:759][  0]LogTargetPlatformManager: Display: Loaded TargetPlatform 'WindowsNoEditor'
[2020.09.12-21.44.15:772][  0]LogTargetPlatformManager: Display: Loaded TargetPlatform 'Windows'
[2020.09.12-21.44.15:783][  0]LogTargetPlatformManager: Display: Loaded TargetPlatform 'WindowsClient'
[2020.09.12-21.44.15:796][  0]LogTargetPlatformManager: Display: Loaded TargetPlatform 'WindowsServer'
[2020.09.12-21.44.15:796][  0]LogTargetPlatformManager: Display: Building Assets For Windows
[2020.09.12-21.44.15:808][  0]LogAudioDebug: Display: Lib vorbis DLL was dynamically loaded.
[2020.09.12-21.44.15:901][  0]LogShaderCompilers: Guid format shader working directory is -13 characters bigger than the processId version (../../../../Users/Alex/Documents/GitHub/TrainningAdventure/Intermediate/Shaders/WorkingDirectory/4796/).
[2020.09.12-21.44.15:901][  0]LogShaderCompilers: Cleaned the shader compiler working directory 'C:/Users/Alex/AppData/Local/Temp/UnrealShaderWorkingDir/B0B6E5E3462A4E5E9A2A27B0306602F6/'.
[2020.09.12-21.44.15:901][  0]LogXGEController: Cleaning working directory: C:/Users/Alex/AppData/Local/Temp/UnrealXGEWorkingDir/
[2020.09.12-21.44.15:902][  0]LogXGEController: Cannot use XGE Controller as Incredibuild is not installed on this machine.
[2020.09.12-21.44.15:902][  0]LogShaderCompilers: Cannot use XGE Shader Compiler as Incredibuild is not installed on this machine.
[2020.09.12-21.44.15:902][  0]LogShaderCompilers: Display: Using Local Shader Compiler.
[2020.09.12-21.44.16:891][  0]LogDerivedDataCache: Display: Max Cache Size: 512 MB
[2020.09.12-21.44.16:961][  0]LogDerivedDataCache: Loaded boot cache 0.07s 75MB C:/Users/Alex/AppData/Local/UnrealEngine/4.25/DerivedDataCache/Boot.ddc.
[2020.09.12-21.44.16:961][  0]LogDerivedDataCache: Display: Loaded Boot cache: C:/Users/Alex/AppData/Local/UnrealEngine/4.25/DerivedDataCache/Boot.ddc
[2020.09.12-21.44.16:961][  0]LogDerivedDataCache: FDerivedDataBackendGraph:  Pak pak cache file ../../../../Users/Alex/Documents/GitHub/TrainningAdventure/DerivedDataCache/DDC.ddp not found, will not use a pak cache.
[2020.09.12-21.44.16:962][  0]LogDerivedDataCache: Unable to find inner node Pak for hierarchical cache Hierarchy.
[2020.09.12-21.44.16:962][  0]LogDerivedDataCache: FDerivedDataBackendGraph:  CompressedPak pak cache file ../../../../Users/Alex/Documents/GitHub/TrainningAdventure/DerivedDataCache/Compressed.ddp not found, will not use a pak cache.
[2020.09.12-21.44.16:962][  0]LogDerivedDataCache: Unable to find inner node CompressedPak for hierarchical cache Hierarchy.
[2020.09.12-21.44.16:974][  0]LogDerivedDataCache: Display: Pak cache opened for reading ../../../Engine/DerivedDataCache/Compressed.ddp.
[2020.09.12-21.44.16:974][  0]LogDerivedDataCache: FDerivedDataBackendGraph:  EnterprisePak pak cache file ../../../Enterprise/DerivedDataCache/Compressed.ddp not found, will not use a pak cache.
[2020.09.12-21.44.16:974][  0]LogDerivedDataCache: Unable to find inner node EnterprisePak for hierarchical cache Hierarchy.
[2020.09.12-21.44.16:976][  0]LogDerivedDataCache: Using Local data cache path C:/Users/Alex/AppData/Local/UnrealEngine/Common/DerivedDataCache: Writable
[2020.09.12-21.44.16:976][  0]LogDerivedDataCache: Shared data cache path not found in *engine.ini, will not use an Shared cache.
[2020.09.12-21.44.16:976][  0]LogDerivedDataCache: Unable to find inner node Shared for hierarchical cache Hierarchy.
[2020.09.12-21.44.17:042][  0]LogSlate: Using FreeType 2.10.0
[2020.09.12-21.44.17:043][  0]LogSlate: SlateFontServices - WITH_FREETYPE: 1, WITH_HARFBUZZ: 1
[2020.09.12-21.44.17:086][  0]LogAssetRegistry: FAssetRegistry took 0.0030 seconds to start up
[2020.09.12-21.44.17:380][  0]LogInit: Selected Device Profile: [Windows]
[2020.09.12-21.44.17:530][  0]LogMeshReduction: Using QuadricMeshReduction for automatic static mesh reduction
[2020.09.12-21.44.17:530][  0]LogMeshReduction: Using SimplygonMeshReduction for automatic skeletal mesh reduction
[2020.09.12-21.44.17:530][  0]LogMeshReduction: Using ProxyLODMeshReduction for automatic mesh merging
[2020.09.12-21.44.17:530][  0]LogMeshReduction: No distributed automatic mesh merging module available
[2020.09.12-21.44.17:530][  0]LogMeshMerging: No distributed automatic mesh merging module available
[2020.09.12-21.44.17:551][  0]LogNetVersion: TrainningAdventure 1.0.0, NetCL: 13144385, EngineNetVer: 14, GameNetVer: 0 (Checksum: 2070315334)
[2020.09.12-21.44.18:238][  0]LogAISub: UAISubsystem::UAISubsystem AISubsystem (000002A048024340), frame # 0
[2020.09.12-21.44.18:238][  0]LogAISub: UAISubsystem::UAISubsystem AIPerceptionSystem (000002A047F63C40), frame # 0
[2020.09.12-21.44.18:240][  0]LogAISub: UAISubsystem::UAISubsystem EnvQueryManager (000002A047FBDE00), frame # 0
[2020.09.12-21.44.18:318][  0]LogPackageLocalizationCache: Processed 20 localized package path(s) for 1 prioritized culture(s) in 0.070178 seconds
[2020.09.12-21.44.18:324][  0]LogUObjectArray: 15917 objects as part of root set at end of initial load.
[2020.09.12-21.44.18:324][  0]LogUObjectAllocator: 3965568 out of 0 bytes used by permanent object pool.
[2020.09.12-21.44.18:325][  0]LogUObjectArray: CloseDisregardForGC: 0/0 objects in disregard for GC pool
[2020.09.12-21.44.18:817][  0]LogTcpMessaging: Initializing TcpMessaging bridge
[2020.09.12-21.44.18:823][  0]LogUdpMessaging: Initializing bridge on interface 25.84.168.116:0 to multicast group 230.0.0.1:6666.
[2020.09.12-21.44.18:965][  0]SourceControl: Source control is disabled
[2020.09.12-21.44.20:288][  0]LogAndroidPermission: UAndroidPermissionCallbackProxy::GetInstance
[2020.09.12-21.44.20:319][  0]LogAudioCaptureCore: Display: No Audio Capture implementations found. Audio input will be silent.
[2020.09.12-21.44.20:319][  0]LogAudioCaptureCore: Display: No Audio Capture implementations found. Audio input will be silent.
[2020.09.12-21.44.20:387][  0]LogOcInput: OculusInput pre-init called
[2020.09.12-21.44.20:405][  0]LogWindows: Failed to load 'OVRPlugin.dll' (GetLastError=126)
[2020.09.12-21.44.20:405][  0]LogWindows: File 'OVRPlugin.dll' does not exist
[2020.09.12-21.44.20:487][  0]LogEngine: Initializing Engine...
[2020.09.12-21.44.20:488][  0]LogHMD: Failed to initialize OpenVR with code 110
[2020.09.12-21.44.20:488][  0]LogMagicLeap: Warning: VR disabled because ZI is not enabled.  To enable, in the editor, Edit -> Project Settings -> Plugins -> Magic Leap Plugin -> Enable Zero Iteration
[2020.09.12-21.44.20:489][  0]LogStats: UGameplayTagsManager::InitializeManager -  0.000 s
[2020.09.12-21.44.20:646][  0]LogInit: Initializing FReadOnlyCVARCache
[2020.09.12-21.44.20:657][  0]LogAIModule: Creating AISystem for world Untitled
[2020.09.12-21.44.20:657][  0]LogAISub: UAISubsystem::UAISubsystem EnvQueryManager (000002A04AE23C00), frame # 0
[2020.09.12-21.44.20:657][  0]LogAISub: UAISubsystem::UAISubsystem AIPerceptionSystem (000002A04AE7BB00), frame # 0
[2020.09.12-21.44.20:686][  0]LogAudioMixer: Display: Audio Mixer Platform Settings:
[2020.09.12-21.44.20:686][  0]LogAudioMixer: Display: 	Sample Rate:						  48000
[2020.09.12-21.44.20:686][  0]LogAudioMixer: Display: 	Callback Buffer Frame Size Requested: 1024
[2020.09.12-21.44.20:686][  0]LogAudioMixer: Display: 	Callback Buffer Frame Size To Use:	  1024
[2020.09.12-21.44.20:686][  0]LogAudioMixer: Display: 	Number of buffers to queue:			  2
[2020.09.12-21.44.20:686][  0]LogAudioMixer: Display: 	Max Channels (voices):				  32
[2020.09.12-21.44.20:686][  0]LogAudioMixer: Display: 	Number of Async Source Workers:		  0
[2020.09.12-21.44.20:686][  0]LogAudio: Display: AudioDevice MaxSources: 32
[2020.09.12-21.44.20:687][  0]LogAudio: Display: Using built-in audio occlusion.
[2020.09.12-21.44.20:687][  0]LogAudioMixer: Display: Initializing audio mixer.
[2020.09.12-21.44.20:728][  0]LogAudioMixer: Display: 0: FrontLeft
[2020.09.12-21.44.20:728][  0]LogAudioMixer: Display: 1: FrontRight
[2020.09.12-21.44.20:832][  0]LogAudioMixer: Display: Using Audio Device Headphones (2- Razer Nari Ultimate - Game)
[2020.09.12-21.44.20:835][  0]LogAudioMixer: Display: Initializing Sound Submixes...
[2020.09.12-21.44.20:839][  0]LogAudioMixer: Display: Creating Master Submix 'MasterSubmixDefault'
[2020.09.12-21.44.20:839][  0]LogAudioMixer: Display: Creating Master Submix 'MasterReverbSubmixDefault'
[2020.09.12-21.44.20:840][  0]LogAudioMixer: Display: Creating Master Submix 'MasterEQSubmixDefault'
[2020.09.12-21.44.20:841][  0]LogInit: FAudioDevice initialized.
[2020.09.12-21.44.20:842][  0]LogNetVersion: Set ProjectVersion to 1.0.0.0. Version Checksum will be recalculated on next use.
[2020.09.12-21.44.21:069][  0]LogDerivedDataCache: Saved boot cache 0.23s 75MB C:/Users/Alex/AppData/Local/UnrealEngine/4.25/DerivedDataCache/Boot.ddc.
[2020.09.12-21.44.21:074][  0]LogInit: Texture streaming: Enabled
[2020.09.12-21.44.21:098][  0]LogEngineSessionManager: EngineSessionManager initialized
[2020.09.12-21.44.21:098][  0]LogEditorSessionSummary: Verbose: Initializing EditorSessionSummaryWriter for editor session tracking
[2020.09.12-21.44.21:105][  0]LogEditorSessionSummary: EditorSessionSummaryWriter initialized
[2020.09.12-21.44.21:178][  0]LogInit: Transaction tracking system initialized
[2020.09.12-21.44.21:210][  0]BlueprintLog: New page: Editor Load
[2020.09.12-21.44.21:308][  0]LocalizationService: Localization service is disabled
[2020.09.12-21.44.21:764][  0]LogCook: Display: Max memory allowance for cook 16384mb min free memory 0mb
[2020.09.12-21.44.21:764][  0]LogCook: Display: Mobile HDR setting 1
[2020.09.12-21.44.21:949][  0]LogFileCache: Scanning file cache for directory 'C:/Users/Alex/Documents/GitHub/TrainningAdventure/Content/' took 0.01s
[2020.09.12-21.44.22:344][  0]LogUnrealEdMisc: Loading editor; pre map load, took 10.815
[2020.09.12-21.44.22:344][  0]Cmd: MAP LOAD FILE="../../../../Users/Alex/Documents/GitHub/TrainningAdventure/Content/ThirdPersonBP/Maps/ThirdPersonExampleMap.umap" TEMPLATE=0 SHOWPROGRESS=1 FEATURELEVEL=3
[2020.09.12-21.44.22:344][  0]LightingResults: New page: Lighting Build
[2020.09.12-21.44.22:344][  0]LogWorld: UWorld::CleanupWorld for Untitled, bSessionEnded=true, bCleanupResources=true
[2020.09.12-21.44.22:344][  0]LogSlate: InvalidateAllWidgets triggered.  All widgets were invalidated
[2020.09.12-21.44.22:345][  0]MapCheck: New page: Map Check
[2020.09.12-21.44.22:345][  0]LightingResults: New page: Lighting Build
[2020.09.12-21.44.22:359][  0]LogAISub: UAISubsystem::~UAISubsystem EnvQueryManager (000002A04AE23C00), frame # 0
[2020.09.12-21.44.22:359][  0]LogAISub: UAISubsystem::~UAISubsystem AIPerceptionSystem (000002A04AE7BB00), frame # 0
[2020.09.12-21.44.22:360][  0]LogUObjectHash: Compacting FUObjectHashTables data took   0.87ms
[2020.09.12-21.44.22:767][  0]LogAIModule: Creating AISystem for world ThirdPersonExampleMap
[2020.09.12-21.44.22:767][  0]LogAISub: UAISubsystem::UAISubsystem EnvQueryManager (000002A03D37FE00), frame # 0
[2020.09.12-21.44.22:767][  0]LogAISub: UAISubsystem::UAISubsystem AIPerceptionSystem (000002A03D4347C0), frame # 0
[2020.09.12-21.44.22:816][  0]LogEditorServer: Finished looking for orphan Actors (0.000 secs)
[2020.09.12-21.44.22:857][  0]LogUObjectHash: Compacting FUObjectHashTables data took   0.93ms
[2020.09.12-21.44.22:857][  0]Cmd: MAP CHECKDEP NOCLEARLOG
[2020.09.12-21.44.22:857][  0]MapCheck: Map check complete: 0 Error(s), 0 Warning(s), took 0.206ms to complete.
[2020.09.12-21.44.22:857][  0]LogFileHelpers: Loading map 'ThirdPersonExampleMap' took 0.514
[2020.09.12-21.44.22:859][  0]LogUnrealEdMisc: Total Editor Startup Time, took 11.331
[2020.09.12-21.44.23:050][  0]LogSlate: Updating window title bar state: overlay mode, drag disabled, window buttons hidden, title bar hidden
[2020.09.12-21.44.23:060][  0]LogSlate: Updating window title bar state: overlay mode, drag disabled, window buttons hidden, title bar hidden
[2020.09.12-21.44.23:069][  0]LogSlate: Updating window title bar state: overlay mode, drag disabled, window buttons hidden, title bar hidden
[2020.09.12-21.44.23:079][  0]LogSlate: Updating window title bar state: overlay mode, drag disabled, window buttons hidden, title bar hidden
[2020.09.12-21.44.23:090][  0]LogCollectionManager: Loaded 0 collections in 0.001499 seconds
[2020.09.12-21.44.23:109][  0]LogFileCache: Scanning file cache for directory 'C:/Users/Alex/Documents/GitHub/TrainningAdventure/Saved/Collections/' took 0.00s
[2020.09.12-21.44.23:109][  0]LogFileCache: Scanning file cache for directory 'C:/Users/Alex/Documents/GitHub/TrainningAdventure/Content/Developers/Alex/Collections/' took 0.00s
[2020.09.12-21.44.23:109][  0]LogFileCache: Scanning file cache for directory 'C:/Users/Alex/Documents/GitHub/TrainningAdventure/Content/Collections/' took 0.00s
[2020.09.12-21.44.23:109][  0]LogContentBrowser: Native class hierarchy populated in 0.0107 seconds. Added 3437 classes and 839 folders.
[2020.09.12-21.44.23:112][  0]LogContentBrowser: Native class hierarchy updated for 'WidgetCarousel' in 0.0004 seconds. Added 0 classes and 0 folders.
[2020.09.12-21.44.23:196][  0]LogContentBrowser: Native class hierarchy updated for 'AddContentDialog' in 0.0003 seconds. Added 0 classes and 0 folders.
[2020.09.12-21.44.23:197][  0]LogContentBrowser: Native class hierarchy updated for 'SceneOutliner' in 0.0003 seconds. Added 2 classes and 0 folders.
[2020.09.12-21.44.23:270][  0]LogSlate: Took 0.000212 seconds to synchronously load lazily loaded font '../../../Engine/Content/Slate/Fonts/Roboto-Regular.ttf' (155K)
[2020.09.12-21.44.23:273][  0]LogSlate: Took 0.000192 seconds to synchronously load lazily loaded font '../../../Engine/Content/Slate/Fonts/Roboto-Bold.ttf' (160K)
[2020.09.12-21.44.23:278][  0]LogSlate: Took 0.000165 seconds to synchronously load lazily loaded font '../../../Engine/Content/Editor/Slate/Fonts/FontAwesome.ttf' (139K)
[2020.09.12-21.44.23:367][  0]LogRenderer: Reallocating scene render targets to support 1208x572 Format 9 NumSamples 1 (Frame:1).
[2020.09.12-21.44.23:601][  0]LogContentBrowser: Native class hierarchy updated for 'HierarchicalLODOutliner' in 0.0003 seconds. Added 0 classes and 0 folders.
[2020.09.12-21.44.23:601][  0]LogLoad: (Engine Initialization) Total time: 12.07 seconds
[2020.09.12-21.44.23:601][  0]LogLoad: (Engine Initialization) Total Blueprint compile time: 0.00 seconds
[2020.09.12-21.44.23:666][  0]LogAssetRegistry: Asset discovery search completed in 6.5807 seconds
[2020.09.12-21.44.23:672][  0]LogCollectionManager: Fixed up redirectors for 0 collections in 0.000003 seconds (updated 0 objects)
[2020.09.12-21.44.23:717][  0]LogContentStreaming: Texture pool size now 600 MB
[2020.09.12-21.44.23:736][  0]LogSlate: Took 0.000169 seconds to synchronously load lazily loaded font '../../../Engine/Content/Slate/Fonts/Roboto-Light.ttf' (167K)
[2020.09.12-21.44.24:963][  5]LogConcert: Display: Server DESKTOP-74MC8B7 discovered.
[2020.09.12-21.44.33:087][352]LogConcert: [Pending] Joining Session...
[2020.09.12-21.44.33:087][352]LogConcert: [Pending] Joining Session... - Validating Workspace...
[2020.09.12-21.44.33:089][352]LogSlate: Took 0.000210 seconds to synchronously load lazily loaded font '../../../Engine/Content/Slate/Fonts/Roboto-Light.ttf' (167K)
[2020.09.12-21.44.35:864][605]SourceControl: fatal: C:/UE_4.25/Engine/Content: 'C:/UE_4.25/Engine/Content' is outside repository at 'C:/Users/Alex/Documents/GitHub/TrainningAdventure'
[2020.09.12-21.44.35:864][605]SourceControl: fatal: C:/UE_4.25/Engine/Plugins/2D/Paper2D/Content: 'C:/UE_4.25/Engine/Plugins/2D/Paper2D/Content' is outside repository at 'C:/Users/Alex/Documents/GitHub/TrainningAdventure'
[2020.09.12-21.44.35:864][605]SourceControl: fatal: C:/UE_4.25/Engine/Plugins/Developer/AnimationSharing/Content: 'C:/UE_4.25/Engine/Plugins/Developer/AnimationSharing/Content' is outside repository at 'C:/Users/Alex/Documents/GitHub/TrainningAdventure'
[2020.09.12-21.44.35:864][605]SourceControl: fatal: C:/UE_4.25/Engine/Plugins/Developer/Concert/ConcertSync/ConcertSyncClient/Content: 'C:/UE_4.25/Engine/Plugins/Developer/Concert/ConcertSync/ConcertSyncClient/Content' is outside repository at 'C:/Users/Alex/Documents/GitHub/TrainningAdventure'
[2020.09.12-21.44.35:864][605]SourceControl: fatal: C:/UE_4.25/Engine/Plugins/Editor/GeometryMode/Content: 'C:/UE_4.25/Engine/Plugins/Editor/GeometryMode/Content' is outside repository at 'C:/Users/Alex/Documents/GitHub/TrainningAdventure'
[2020.09.12-21.44.35:864][605]SourceControl: fatal: C:/UE_4.25/Engine/Plugins/Enterprise/DatasmithContent/Content: 'C:/UE_4.25/Engine/Plugins/Enterprise/DatasmithContent/Content' is outside repository at 'C:/Users/Alex/Documents/GitHub/TrainningAdventure'
[2020.09.12-21.44.35:864][605]SourceControl: fatal: C:/UE_4.25/Engine/Plugins/Experimental/ChaosClothEditor/Content: 'C:/UE_4.25/Engine/Plugins/Experimental/ChaosClothEditor/Content' is outside repository at 'C:/Users/Alex/Documents/GitHub/TrainningAdventure'
[2020.09.12-21.44.35:864][605]SourceControl: fatal: C:/UE_4.25/Engine/Plugins/Experimental/ChaosNiagara/Content: 'C:/UE_4.25/Engine/Plugins/Experimental/ChaosNiagara/Content' is outside repository at 'C:/Users/Alex/Documents/GitHub/TrainningAdventure'
[2020.09.12-21.44.35:864][605]SourceControl: fatal: C:/UE_4.25/Engine/Plugins/Experimental/ChaosSolverPlugin/Content: 'C:/UE_4.25/Engine/Plugins/Experimental/ChaosSolverPlugin/Content' is outside repository at 'C:/Users/Alex/Documents/GitHub/TrainningAdventure'
[2020.09.12-21.44.35:864][605]SourceControl: fatal: C:/UE_4.25/Engine/Plugins/Experimental/GeometryCollectionPlugin/Content: 'C:/UE_4.25/Engine/Plugins/Experimental/GeometryCollectionPlugin/Content' is outside repository at 'C:/Users/Alex/Documents/GitHub/TrainningAdventure'
[2020.09.12-21.44.35:864][605]SourceControl: fatal: C:/UE_4.25/Engine/Plugins/Experimental/GeometryProcessing/Content: 'C:/UE_4.25/Engine/Plugins/Experimental/GeometryProcessing/Content' is outside repository at 'C:/Users/Alex/Documents/GitHub/TrainningAdventure'
[2020.09.12-21.44.35:865][605]SourceControl: fatal: C:/UE_4.25/Engine/Plugins/FX/Niagara/Content: 'C:/UE_4.25/Engine/Plugins/FX/Niagara/Content' is outside repository at 'C:/Users/Alex/Documents/GitHub/TrainningAdventure'
[2020.09.12-21.44.35:865][605]SourceControl: fatal: C:/UE_4.25/Engine/Plugins/Lumin/MagicLeap/Content: 'C:/UE_4.25/Engine/Plugins/Lumin/MagicLeap/Content' is outside repository at 'C:/Users/Alex/Documents/GitHub/TrainningAdventure'
[2020.09.12-21.44.35:865][605]SourceControl: fatal: C:/UE_4.25/Engine/Plugins/Lumin/MagicLeapPassableWorld/Content: 'C:/UE_4.25/Engine/Plugins/Lumin/MagicLeapPassableWorld/Content' is outside repository at 'C:/Users/Alex/Documents/GitHub/TrainningAdventure'
[2020.09.12-21.44.35:865][605]SourceControl: fatal: C:/UE_4.25/Engine/Plugins/Media/MediaCompositing/Content: 'C:/UE_4.25/Engine/Plugins/Media/MediaCompositing/Content' is outside repository at 'C:/Users/Alex/Documents/GitHub/TrainningAdventure'
[2020.09.12-21.44.35:865][605]SourceControl: fatal: C:/UE_4.25/Engine/Plugins/MovieScene/MovieRenderPipeline/Content: 'C:/UE_4.25/Engine/Plugins/MovieScene/MovieRenderPipeline/Content' is outside repository at 'C:/Users/Alex/Documents/GitHub/TrainningAdventure'
[2020.09.12-21.44.35:865][605]SourceControl: fatal: C:/UE_4.25/Engine/Plugins/Runtime/Oculus/OculusVR/Content: 'C:/UE_4.25/Engine/Plugins/Runtime/Oculus/OculusVR/Content' is outside repository at 'C:/Users/Alex/Documents/GitHub/TrainningAdventure'
[2020.09.12-21.44.35:865][605]SourceControl: fatal: C:/UE_4.25/Engine/Plugins/Runtime/PostSplashScreen/Content: 'C:/UE_4.25/Engine/Plugins/Runtime/PostSplashScreen/Content' is outside repository at 'C:/Users/Alex/Documents/GitHub/TrainningAdventure'
[2020.09.12-21.44.35:865][605]SourceControl: fatal: C:/UE_4.25/Engine/Plugins/Runtime/Steam/SteamVR/Content: 'C:/UE_4.25/Engine/Plugins/Runtime/Steam/SteamVR/Content' is outside repository at 'C:/Users/Alex/Documents/GitHub/TrainningAdventure'
[2020.09.12-21.44.36:067][625]LogConcert: [Pending] Joining Session... - Attempting Remote Connection...
[2020.09.12-21.44.37:086][634]LogConcert: Display: Initialized Concert session 'COSTIS-SESSION' (Id: B85179E34151BFFA802AB0AAF70FAA2B, Owner: Costas).
[2020.09.12-21.44.37:086][634]LogConcert: Display: Connecting to Concert session 'COSTIS-SESSION' (Id: B85179E34151BFFA802AB0AAF70FAA2B, Owner: Costas).
[2020.09.12-21.44.37:282][656]LogUObjectGlobals: Warning: Failed to find object 'Class None.'
[2020.09.12-21.44.37:282][656]LogConcert: Warning: Failed to load presence actor class ''. Presence will not be displayed
[2020.09.12-21.44.37:291][657]LogUObjectGlobals: Warning: Failed to find object 'Class None.'
[2020.09.12-21.44.37:291][657]LogConcert: Warning: Failed to load presence actor class ''. Presence will not be displayed
[2020.09.12-21.44.37:298][658]LogUObjectGlobals: Warning: Failed to find object 'Class None.'
[2020.09.12-21.44.37:298][658]LogConcert: Warning: Failed to load presence actor class ''. Presence will not be displayed
[2020.09.12-21.44.37:306][659]LogUObjectGlobals: Warning: Failed to find object 'Class None.'
[2020.09.12-21.44.37:306][659]LogConcert: Warning: Failed to load presence actor class ''. Presence will not be displayed
[2020.09.12-21.44.37:345][660]LogConcert: Display: Connected to Concert session 'COSTIS-SESSION' (Id: B85179E34151BFFA802AB0AAF70FAA2B, Owner: Costas).
[2020.09.12-21.44.37:345][660]LogConcert: Display: User 'Costas' (Endpoint: 9A094EBA4D4FC7C1A8C76BAE3FF51314) joined Concert session 'COSTIS-SESSION' (Id: B85179E34151BFFA802AB0AAF70FAA2B, Owner: Costas).
[2020.09.12-21.44.37:345][660]LogConcert: Display: User 'Pishys' (Endpoint: 781D857F4C01965B9AED31BE3C002069) joined Concert session 'COSTIS-SESSION' (Id: B85179E34151BFFA802AB0AAF70FAA2B, Owner: Costas).
[2020.09.12-21.44.37:399][665]LogConcert: [Success] Joined Session 'COSTIS-SESSION'
[2020.09.12-21.44.37:453][667]LogConcert: Display: Synced activity '1' produced by endpoint '9A094EBA4D4FC7C1A8C76BAE3FF51314': COSTIS joined the session.
[2020.09.12-21.44.37:453][667]LogConcert: Display: Synced activity '2' produced by endpoint '5B5546684E11439BE2985EA6A880EEEE': Alex joined the session.
[2020.09.12-21.44.37:459][667]LogConcert: Display: Synced activity '3' produced by endpoint '9A094EBA4D4FC7C1A8C76BAE3FF51314': COSTIS created ModularCharacterBP_2 in /Game/ThirdPersonBP/Maps/ThirdPersonExampleMap.
[2020.09.12-21.44.37:460][667]LogConcert: Display: Synced activity '4' produced by endpoint '9A094EBA4D4FC7C1A8C76BAE3FF51314': COSTIS locked /Game/ModularRPGHeroesPolyart/CharacterBP/ModularCharacterBP.
[2020.09.12-21.44.37:467][667]LogConcert: Display: Synced activity '5' produced by endpoint '9A094EBA4D4FC7C1A8C76BAE3FF51314': COSTIS modified ModularCharacterBP_2 in /Game/ThirdPersonBP/Maps/ThirdPersonExampleMap.
[2020.09.12-21.44.37:471][667]LogConcert: Display: Synced activity '6' produced by endpoint '9A094EBA4D4FC7C1A8C76BAE3FF51314': COSTIS modified ModularCharacterBP_2 in /Game/ThirdPersonBP/Maps/ThirdPersonExampleMap.
[2020.09.12-21.44.37:475][667]LogConcert: Display: Synced activity '7' produced by endpoint '9A094EBA4D4FC7C1A8C76BAE3FF51314': COSTIS modified ModularCharacterBP_2 in /Game/ThirdPersonBP/Maps/ThirdPersonExampleMap.
[2020.09.12-21.44.37:493][668]LogConcert: Display: Synced activity '8' produced by endpoint '9A094EBA4D4FC7C1A8C76BAE3FF51314': COSTIS modified ModularCharacterBP_2 in /Game/ThirdPersonBP/Maps/ThirdPersonExampleMap.
[2020.09.12-21.44.37:501][668]LogConcert: Display: Synced activity '9' produced by endpoint '9A094EBA4D4FC7C1A8C76BAE3FF51314': COSTIS modified ModularCharacterBP_2 in /Game/ThirdPersonBP/Maps/ThirdPersonExampleMap.
[2020.09.12-21.44.37:513][668]LogConcert: Display: Synced activity '10' produced by endpoint '9A094EBA4D4FC7C1A8C76BAE3FF51314': COSTIS modified ModularCharacterBP_2 in /Game/ThirdPersonBP/Maps/ThirdPersonExampleMap.
[2020.09.12-21.44.37:538][669]LogConcert: Display: Synced activity '11' produced by endpoint '9A094EBA4D4FC7C1A8C76BAE3FF51314': COSTIS saved package /Game/ModularRPGHeroesPolyart/CharacterBP/ModularCharacterBP.
[2020.09.12-21.44.37:539][669]LogConcert: Display: Synced activity '12' produced by endpoint '9A094EBA4D4FC7C1A8C76BAE3FF51314': COSTIS unlocked /Game/ModularRPGHeroesPolyart/CharacterBP/ModularCharacterBP.
[2020.09.12-21.44.37:541][669]LogConcert: Display: Synced activity '13' produced by endpoint '9A094EBA4D4FC7C1A8C76BAE3FF51314': COSTIS modified ModularCharacterBP_2 in /Game/ThirdPersonBP/Maps/ThirdPersonExampleMap.
[2020.09.12-21.44.37:542][669]LogConcert: Display: Synced activity '14' produced by endpoint '5B5546684E11439BE2985EA6A880EEEE': Alex locked /Game/ThirdPersonBP/Maps/ThirdPersonExampleMap_BuiltData.
[2020.09.12-21.44.37:542][669]LogConcert: Display: Synced activity '15' produced by endpoint '5B5546684E11439BE2985EA6A880EEEE': Alex locked /Game/Brushify/Procedural/Grasslands/Cliffs_Small/FoliageTypes/FT_Cliff_Slab_01.
[2020.09.12-21.44.37:543][669]LogConcert: Display: Synced activity '16' produced by endpoint '5B5546684E11439BE2985EA6A880EEEE': Alex locked /Game/Brushify/Procedural/Grasslands/Cliffs_Small/FoliageTypes/Cliff_Slab.
[2020.09.12-21.44.37:567][670]LogConcert: Display: Synced activity '17' produced by endpoint '5B5546684E11439BE2985EA6A880EEEE': Alex saved package /Game/Brushify/Procedural/Grasslands/Cliffs_Small/FoliageTypes/Cliff_Slab.
[2020.09.12-21.44.37:568][670]LogConcert: Display: Synced activity '18' produced by endpoint '5B5546684E11439BE2985EA6A880EEEE': Alex unlocked /Game/Brushify/Procedural/Grasslands/Cliffs_Small/FoliageTypes/Cliff_Slab.
[2020.09.12-21.44.37:570][670]LogConcert: Display: Synced activity '19' produced by endpoint '5B5546684E11439BE2985EA6A880EEEE': Alex renamed package /Game/Brushify/Procedural/Grasslands/Cliffs_Small/FoliageTypes/FT_Cliff_Slab_01 to /Game/Brushify/Procedural/Grasslands/Cliffs_Small/FoliageTypes/Cliff_Slab.
[2020.09.12-21.44.37:570][670]LogConcert: Display: Synced activity '20' produced by endpoint '5B5546684E11439BE2985EA6A880EEEE': Alex unlocked /Game/Brushify/Procedural/Grasslands/Cliffs_Small/FoliageTypes/FT_Cliff_Slab_01.
[2020.09.12-21.44.37:571][670]LogConcert: Display: Synced activity '21' produced by endpoint '5B5546684E11439BE2985EA6A880EEEE': Alex unlocked /Game/ThirdPersonBP/Maps/ThirdPersonExampleMap_BuiltData.
[2020.09.12-21.44.37:571][670]LogConcert: Display: Synced activity '22' produced by endpoint '5B5546684E11439BE2985EA6A880EEEE': Alex left the session.
[2020.09.12-21.44.37:571][670]LogConcert: Display: Synced activity '23' produced by endpoint '781D857F4C01965B9AED31BE3C002069': pishys joined the session.
[2020.09.12-21.44.37:571][670]LogConcert: Display: Synced activity '24' produced by endpoint '3E8085CD454EBB797890FC8C4C157EFF': Alex joined the session.
[2020.09.12-21.44.37:643][670]LogUObjectGlobals: Reloading 2 Package(s):
	Asset Name: /Game/ModularRPGHeroesPolyart/CharacterBP/ModularCharacterBP
	Asset Name: /Game/Brushify/Procedural/Grasslands/Cliffs_Small/FoliageTypes/Cliff_Slab
[2020.09.12-21.44.37:652][670]LogUObjectHash: Compacting FUObjectHashTables data took   0.85ms
[2020.09.12-21.44.37:813][670]LogUObjectHash: Compacting FUObjectHashTables data took   1.01ms
[2020.09.12-21.44.37:816][670]LogActorComponent: ~FComponentReregisterContext: (/Game/ThirdPersonBP/Maps/ThirdPersonExampleMap.ThirdPersonExampleMap:PersistentLevel.InstancedFoliageActor_0.RootComponent0) Component already registered.
[2020.09.12-21.44.37:819][670]LogActorComponent: ~FComponentReregisterContext: (/Game/ThirdPersonBP/Maps/ThirdPersonExampleMap.ThirdPersonExampleMap:PersistentLevel.InstancedFoliageActor_0.FoliageInstancedStaticMeshComponent_0) Component already registered.
[2020.09.12-21.45.20:894][ 18]LogConcert: Display: Synced activity '25' produced by endpoint '781D857F4C01965B9AED31BE3C002069': pishys locked /Game/ThirdPersonBP/Maps/ThirdPersonExampleMap_BuiltData.
[2020.09.12-21.45.52:015][569]LogConcert: Display: Synced activity '26' produced by endpoint '9A094EBA4D4FC7C1A8C76BAE3FF51314': COSTIS locked Cube31_37.StaticMeshComponent0 in /Game/ThirdPersonBP/Maps/ThirdPersonExampleMap, plus 1 other resource.
[2020.09.12-21.45.56:708][945]LogConcert: Display: Synced activity '27' produced by endpoint '9A094EBA4D4FC7C1A8C76BAE3FF51314': COSTIS modified Cube31_37.StaticMeshComponent0 in /Game/ThirdPersonBP/Maps/ThirdPersonExampleMap.
[2020.09.12-21.45.56:709][945]LogConcert: Display: Synced activity '28' produced by endpoint '9A094EBA4D4FC7C1A8C76BAE3FF51314': COSTIS unlocked Cube31_37.StaticMeshComponent0 in /Game/ThirdPersonBP/Maps/ThirdPersonExampleMap, plus 1 other resource.
[2020.09.12-21.46.33:568][958]LogConcert: Display: User 'Pishys' (Endpoint: 781D857F4C01965B9AED31BE3C002069) left Concert session 'COSTIS-SESSION' (Id: B85179E34151BFFA802AB0AAF70FAA2B, Owner: Costas).
[2020.09.12-21.46.33:569][958]LogConcert: Display: Synced activity '29' produced by endpoint '781D857F4C01965B9AED31BE3C002069': pishys unlocked /Game/ThirdPersonBP/Maps/ThirdPersonExampleMap_BuiltData.
[2020.09.12-21.46.33:569][958]LogConcert: Display: Synced activity '30' produced by endpoint '781D857F4C01965B9AED31BE3C002069': pishys left the session.
[2020.09.12-21.54.24:443][909]LogUObjectHash: Compacting FUObjectHashTables data took   0.83ms
[2020.09.12-21.54.24:673][909]LogSavePackage: Moving '../../../../Users/Alex/Documents/GitHub/TrainningAdventure/Saved/ThirdPersonExampleMap_Auto1F577C5BF4A5E899F71D6C4AAAFA06820.tmp' to '../../../../Users/Alex/Documents/GitHub/TrainningAdventure/Saved/Autosaves/Game/ThirdPersonBP/Maps/ThirdPersonExampleMap_Auto1.umap'
[2020.09.12-21.54.24:676][909]LogFileHelpers: Editor autosave (incl. sublevels) for '/Game/ThirdPersonBP/Maps/ThirdPersonExampleMap' took 0.247
[2020.09.12-21.54.24:676][909]LogFileHelpers: Editor autosave (incl. sublevels) for all levels took 0.247
[2020.09.12-21.58.04:493][565]LogAudioMixer: Display: Audio Buffer Underrun detected.
[2020.09.12-22.00.43:883][ 40]LogAudioMixer: Display: Audio Buffer Underrun detected.
[2020.09.12-22.00.50:667][ 60]LogAudioMixer: Display: Audio Buffer Underrun detected.
[2020.09.12-22.02.38:601][381]LogAudioMixer: Display: Audio Buffer Underrun detected.
