Log file open, 09/11/20 19:31:12
LogInit: Display: Running engine for game: TrainningAdventure
LogPlatformFile: Not using cached read wrapper
LogTaskGraph: Started task graph with 5 named threads and 35 total threads with 3 sets of task threads.
LogStats: Stats thread started at 0.151292
LogD3D11RHI: Loaded GFSDK_Aftermath_Lib.x64.dll
LogICUInternationalization: ICU TimeZone Detection - Raw Offset: +2:00, Platform Override: ''
LogPluginManager: Mounting plugin Paper2D
LogPluginManager: Mounting plugin AISupport
LogPluginManager: Mounting plugin LightPropagationVolume
LogPluginManager: Mounting plugin CameraShakePreviewer
LogPluginManager: Mounting plugin ActorLayerUtilities
LogPluginManager: Mounting plugin AnimationSharing
LogPluginManager: Mounting plugin CLionSourceCodeAccess
LogPluginManager: Mounting plugin CodeLiteSourceCodeAccess
LogPluginManager: Mounting plugin ConcertMain
LogPluginManager: Mounting plugin ConcertSyncClient
LogPluginManager: Mounting plugin ConcertSyncCore
LogPluginManager: Mounting plugin MultiUserClient
LogPluginManager: Mounting plugin GitSourceControl
LogPluginManager: Mounting plugin KDevelopSourceCodeAccess
LogPluginManager: Mounting plugin NullSourceCodeAccess
LogPluginManager: Mounting plugin PerforceSourceControl
LogPluginManager: Mounting plugin PlasticSourceControl
LogPluginManager: Mounting plugin RiderSourceCodeAccess
LogPluginManager: Mounting plugin SubversionSourceControl
LogPluginManager: Mounting plugin UObjectPlugin
LogPluginManager: Mounting plugin VisualStudioCodeSourceCodeAccess
LogPluginManager: Mounting plugin VisualStudioSourceCodeAccess
LogPluginManager: Mounting plugin XCodeSourceCodeAccess
LogPluginManager: Mounting plugin AssetManagerEditor
LogPluginManager: Mounting plugin CryptoKeys
LogPluginManager: Mounting plugin CurveEditorTools
LogPluginManager: Mounting plugin DataValidation
LogPluginManager: Mounting plugin EditorScriptingUtilities
LogPluginManager: Mounting plugin FacialAnimation
LogPluginManager: Mounting plugin GameplayTagsEditor
LogPluginManager: Mounting plugin GeometryMode
LogPluginManager: Mounting plugin MacGraphicsSwitching
LogPluginManager: Mounting plugin MaterialAnalyzer
LogPluginManager: Mounting plugin MobileLauncherProfileWizard
LogPluginManager: Mounting plugin PluginBrowser
LogPluginManager: Mounting plugin SpeedTreeImporter
LogPluginManager: Mounting plugin DatasmithContent
LogPluginManager: Mounting plugin VariantManagerContent
LogPluginManager: Mounting plugin AlembicImporter
LogPluginManager: Mounting plugin AutomationUtils
LogPluginManager: Mounting plugin BackChannel
LogPluginManager: Mounting plugin ChaosCloth
LogPluginManager: Mounting plugin ChaosClothEditor
LogPluginManager: Mounting plugin ChaosEditor
LogPluginManager: Mounting plugin ChaosNiagara
LogPluginManager: Mounting plugin ChaosSolverPlugin
LogPluginManager: Mounting plugin CharacterAI
LogPluginManager: Mounting plugin GeometryCache
LogPluginManager: Mounting plugin GeometryCollectionPlugin
LogPluginManager: Mounting plugin GeometryProcessing
LogPluginManager: Mounting plugin PlanarCut
LogPluginManager: Mounting plugin PlatformCrypto
LogPluginManager: Mounting plugin ProxyLODPlugin
LogPluginManager: Mounting plugin SkeletalReduction
LogPluginManager: Mounting plugin Niagara
LogPluginManager: Mounting plugin MagicLeap
LogPluginManager: Mounting plugin MagicLeapLightEstimation
LogPluginManager: Mounting plugin MagicLeapMedia
LogPluginManager: Mounting plugin MagicLeapPassableWorld
LogPluginManager: Mounting plugin MLSDK
LogPluginManager: Mounting plugin AndroidMedia
LogPluginManager: Mounting plugin AvfMedia
LogPluginManager: Mounting plugin ImgMedia
LogPluginManager: Mounting plugin MediaCompositing
LogPluginManager: Mounting plugin MediaPlayerEditor
LogPluginManager: Mounting plugin WebMMedia
LogPluginManager: Mounting plugin WmfMedia
LogPluginManager: Mounting plugin MeshPainting
LogPluginManager: Mounting plugin TcpMessaging
LogPluginManager: Mounting plugin UdpMessaging
LogPluginManager: Mounting plugin ActorSequence
LogPluginManager: Mounting plugin LevelSequenceEditor
LogPluginManager: Mounting plugin MatineeToLevelSequence
LogPluginManager: Mounting plugin MovieRenderPipeline
LogPluginManager: Mounting plugin TemplateSequence
LogPluginManager: Mounting plugin NetcodeUnitTest
LogPluginManager: Mounting plugin NUTUnrealEngine4
LogPluginManager: Mounting plugin OnlineSubsystemGooglePlay
LogPluginManager: Mounting plugin OnlineSubsystemIOS
LogPluginManager: Mounting plugin OnlineSubsystem
LogPluginManager: Mounting plugin OnlineSubsystemNull
LogPluginManager: Mounting plugin OnlineSubsystemUtils
LogPluginManager: Mounting plugin LauncherChunkInstaller
LogPluginManager: Mounting plugin AndroidDeviceProfileSelector
LogPluginManager: Mounting plugin AndroidMoviePlayer
LogPluginManager: Mounting plugin AndroidPermission
LogPluginManager: Mounting plugin AppleImageUtils
LogPluginManager: Mounting plugin AppleMoviePlayer
LogPluginManager: Mounting plugin ArchVisCharacter
LogPluginManager: Mounting plugin AssetTags
LogPluginManager: Mounting plugin AudioCapture
LogPluginManager: Mounting plugin CableComponent
LogPluginManager: Mounting plugin CustomMeshComponent
LogPluginManager: Mounting plugin SQLiteCore
LogPluginManager: Mounting plugin EditableMesh
LogPluginManager: Mounting plugin ExampleDeviceProfileSelector
LogPluginManager: Mounting plugin GoogleCloudMessaging
LogPluginManager: Mounting plugin GooglePAD
LogPluginManager: Mounting plugin IOSDeviceProfileSelector
LogPluginManager: Mounting plugin LinuxDeviceProfileSelector
LogPluginManager: Mounting plugin LocationServicesBPLibrary
LogPluginManager: Mounting plugin MobilePatchingUtils
LogPluginManager: Mounting plugin OculusVR
LogPluginManager: Mounting plugin PhysXVehicles
LogPluginManager: Mounting plugin PostSplashScreen
LogPluginManager: Mounting plugin ProceduralMeshComponent
LogPluginManager: Mounting plugin RuntimePhysXCooking
LogPluginManager: Mounting plugin SignificanceManager
LogPluginManager: Mounting plugin SoundFields
LogPluginManager: Mounting plugin SteamVR
LogPluginManager: Mounting plugin Synthesis
LogPluginManager: Mounting plugin WebMMoviePlayer
LogPluginManager: Mounting plugin WindowsMoviePlayer
LogPluginManager: Mounting plugin ScreenshotTools
LogInit: Using libcurl 7.55.1-DEV
LogInit:  - built for x86_64-pc-win32
LogInit:  - supports SSL with OpenSSL/1.1.1
LogInit:  - supports HTTP deflate (compression) using libz 1.2.8
LogInit:  - other features:
LogInit:      CURL_VERSION_SSL
LogInit:      CURL_VERSION_LIBZ
LogInit:      CURL_VERSION_IPV6
LogInit:      CURL_VERSION_ASYNCHDNS
LogInit:      CURL_VERSION_LARGEFILE
LogInit:      CURL_VERSION_IDN
LogInit:  CurlRequestOptions (configurable via config and command line):
LogInit:  - bVerifyPeer = true  - Libcurl will verify peer certificate
LogInit:  - bUseHttpProxy = false  - Libcurl will NOT use HTTP proxy
LogInit:  - bDontReuseConnections = false  - Libcurl will reuse connections
LogInit:  - MaxHostConnections = 16  - Libcurl will limit the number of connections to a host
LogInit:  - LocalHostAddr = Default
LogInit:  - BufferSize = 65536
LogOnline: OSS: Creating online subsystem instance for: NULL
LogInit: WinSock: version 1.1 (2.2), MaxSocks=32767, MaxUdp=65467
LogOnline: OSS: TryLoadSubsystemAndSetDefault: Loaded subsystem for module [NULL]
LogInit: Build: ++UE4+Release-4.25-CL-13942748
LogInit: Engine Version: 4.25.3-13942748+++UE4+Release-4.25
LogInit: Compatible Engine Version: 4.25.0-13144385+++UE4+Release-4.25
LogInit: Net CL: 13144385
LogInit: OS: Windows 10 (Release 1909) (), CPU: AMD Ryzen 5 3600 6-Core Processor              , GPU: AMD Radeon RX 5700 XT
LogInit: Compiled (64-bit): Jul 25 2020 02:07:48
LogInit: Compiled with Visual C++: 19.24.28315.00
LogInit: Build Configuration: Development
LogInit: Branch Name: ++UE4+Release-4.25
LogInit: Command Line:  -EpicPortal -epicusername=Pichiets -epicuserid=2887eaaf36b44f198b9d06cfa7a8391f -epiclocale=en
LogInit: Base Directory: C:/Program Files/Epic Games/UE_4.25/Engine/Binaries/Win64/
LogInit: Allocator: TBB
LogInit: Installed Engine Build: 1
LogDevObjectVersion: Number of dev versions registered: 26
LogDevObjectVersion:   Dev-Blueprints (B0D832E4-1F89-4F0D-ACCF-7EB736FD4AA2): 10
LogDevObjectVersion:   Dev-Build (E1C64328-A22C-4D53-A36C-8E866417BD8C): 0
LogDevObjectVersion:   Dev-Core (375EC13C-06E4-48FB-B500-84F0262A717E): 4
LogDevObjectVersion:   Dev-Editor (E4B068ED-F494-42E9-A231-DA0B2E46BB41): 38
LogDevObjectVersion:   Dev-Framework (CFFC743F-43B0-4480-9391-14DF171D2073): 37
LogDevObjectVersion:   Dev-Mobile (B02B49B5-BB20-44E9-A304-32B752E40360): 2
LogDevObjectVersion:   Dev-Networking (A4E4105C-59A1-49B5-A7C5-40C4547EDFEE): 0
LogDevObjectVersion:   Dev-Online (39C831C9-5AE6-47DC-9A44-9C173E1C8E7C): 0
LogDevObjectVersion:   Dev-Physics (78F01B33-EBEA-4F98-B9B4-84EACCB95AA2): 4
LogDevObjectVersion:   Dev-Platform (6631380F-2D4D-43E0-8009-CF276956A95A): 0
LogDevObjectVersion:   Dev-Rendering (12F88B9F-8875-4AFC-A67C-D90C383ABD29): 43
LogDevObjectVersion:   Dev-Sequencer (7B5AE74C-D270-4C10-A958-57980B212A5A): 12
LogDevObjectVersion:   Dev-VR (D7296918-1DD6-4BDD-9DE2-64A83CC13884): 3
LogDevObjectVersion:   Dev-LoadTimes (C2A15278-BFE7-4AFE-6C17-90FF531DF755): 1
LogDevObjectVersion:   Private-Geometry (6EACA3D4-40EC-4CC1-B786-8BED09428FC5): 3
LogDevObjectVersion:   Dev-AnimPhys (29E575DD-E0A3-4627-9D10-D276232CDCEA): 17
LogDevObjectVersion:   Dev-Anim (AF43A65D-7FD3-4947-9873-3E8ED9C1BB05): 7
LogDevObjectVersion:   Dev-ReflectionCapture (6B266CEC-1EC7-4B8F-A30B-E4D90942FC07): 1
LogDevObjectVersion:   Dev-Automation (0DF73D61-A23F-47EA-B727-89E90C41499A): 1
LogDevObjectVersion:   FortniteMain (601D1886-AC64-4F84-AA16-D3DE0DEAC7D6): 31
LogDevObjectVersion:   Dev-Enterprise (9DFFBCD6-494F-0158-E221-12823C92A888): 10
LogDevObjectVersion:   Dev-Niagara (F2AED0AC-9AFE-416F-8664-AA7FFA26D6FC): 1
LogDevObjectVersion:   Dev-Destruction (174F1F0B-B4C6-45A5-B13F-2EE8D0FB917D): 10
LogDevObjectVersion:   Dev-Physics-Ext (35F94A83-E258-406C-A318-09F59610247C): 37
LogDevObjectVersion:   Dev-PhysicsMaterial-Chaos (B68FC16E-8B1B-42E2-B453-215C058844FE): 1
LogDevObjectVersion:   Dev-CineCamera (B2E18506-4273-CFC2-A54E-F4BB758BBA07): 1
LogInit: Presizing for max 25165824 objects, including 0 objects not considered by GC, pre-allocating 0 bytes for permanent pool.
LogConfig: Applying CVar settings from Section [/Script/Engine.StreamingSettings] File [C:/Users/Pishys/Documents/Unreal Projects/TrainningAdventure/Saved/Config/Windows/Engine.ini]
LogConfig: Setting CVar [[s.MinBulkDataSizeForAsyncLoading:131072]]
LogConfig: Setting CVar [[s.AsyncLoadingThreadEnabled:0]]
LogConfig: Setting CVar [[s.EventDrivenLoaderEnabled:1]]
LogConfig: Setting CVar [[s.WarnIfTimeLimitExceeded:0]]
LogConfig: Setting CVar [[s.TimeLimitExceededMultiplier:1.5]]
LogConfig: Setting CVar [[s.TimeLimitExceededMinTime:0.005]]
LogConfig: Setting CVar [[s.UseBackgroundLevelStreaming:1]]
LogConfig: Setting CVar [[s.PriorityAsyncLoadingExtraTime:15.0]]
LogConfig: Setting CVar [[s.LevelStreamingActorsUpdateTimeLimit:5.0]]
LogConfig: Setting CVar [[s.PriorityLevelStreamingActorsUpdateExtraTime:5.0]]
LogConfig: Setting CVar [[s.LevelStreamingComponentsRegistrationGranularity:10]]
LogConfig: Setting CVar [[s.UnregisterComponentsTimeLimit:1.0]]
LogConfig: Setting CVar [[s.LevelStreamingComponentsUnregistrationGranularity:5]]
LogConfig: Setting CVar [[s.FlushStreamingOnExit:1]]
LogInit: Object subsystem initialized
LogConfig: Setting CVar [[con.DebugEarlyDefault:1]]
LogConfig: Setting CVar [[r.setres:1280x720]]
[2020.09.11-16.31.12:645][  0]LogConfig: Setting CVar [[r.VSync:0]]
[2020.09.11-16.31.12:645][  0]LogConfig: Setting CVar [[r.RHICmdBypass:0]]
[2020.09.11-16.31.12:645][  0]LogConfig: Applying CVar settings from Section [/Script/Engine.RendererSettings] File [C:/Users/Pishys/Documents/Unreal Projects/TrainningAdventure/Saved/Config/Windows/Engine.ini]
[2020.09.11-16.31.12:645][  0]LogConfig: Setting CVar [[r.GPUCrashDebugging:0]]
[2020.09.11-16.31.12:645][  0]LogConfig: Applying CVar settings from Section [/Script/Engine.RendererOverrideSettings] File [C:/Users/Pishys/Documents/Unreal Projects/TrainningAdventure/Saved/Config/Windows/Engine.ini]
[2020.09.11-16.31.12:645][  0]LogConfig: Applying CVar settings from Section [/Script/Engine.StreamingSettings] File [C:/Users/Pishys/Documents/Unreal Projects/TrainningAdventure/Saved/Config/Windows/Engine.ini]
[2020.09.11-16.31.12:645][  0]LogConfig: Setting CVar [[s.MinBulkDataSizeForAsyncLoading:131072]]
[2020.09.11-16.31.12:645][  0]LogConfig: Setting CVar [[s.AsyncLoadingThreadEnabled:0]]
[2020.09.11-16.31.12:645][  0]LogConfig: Setting CVar [[s.EventDrivenLoaderEnabled:1]]
[2020.09.11-16.31.12:645][  0]LogConfig: Setting CVar [[s.WarnIfTimeLimitExceeded:0]]
[2020.09.11-16.31.12:645][  0]LogConfig: Setting CVar [[s.TimeLimitExceededMultiplier:1.5]]
[2020.09.11-16.31.12:645][  0]LogConfig: Setting CVar [[s.TimeLimitExceededMinTime:0.005]]
[2020.09.11-16.31.12:645][  0]LogConfig: Setting CVar [[s.UseBackgroundLevelStreaming:1]]
[2020.09.11-16.31.12:645][  0]LogConfig: Setting CVar [[s.PriorityAsyncLoadingExtraTime:15.0]]
[2020.09.11-16.31.12:645][  0]LogConfig: Setting CVar [[s.LevelStreamingActorsUpdateTimeLimit:5.0]]
[2020.09.11-16.31.12:645][  0]LogConfig: Setting CVar [[s.PriorityLevelStreamingActorsUpdateExtraTime:5.0]]
[2020.09.11-16.31.12:645][  0]LogConfig: Setting CVar [[s.LevelStreamingComponentsRegistrationGranularity:10]]
[2020.09.11-16.31.12:645][  0]LogConfig: Setting CVar [[s.UnregisterComponentsTimeLimit:1.0]]
[2020.09.11-16.31.12:645][  0]LogConfig: Setting CVar [[s.LevelStreamingComponentsUnregistrationGranularity:5]]
[2020.09.11-16.31.12:645][  0]LogConfig: Setting CVar [[s.FlushStreamingOnExit:1]]
[2020.09.11-16.31.12:645][  0]LogConfig: Applying CVar settings from Section [/Script/Engine.GarbageCollectionSettings] File [C:/Users/Pishys/Documents/Unreal Projects/TrainningAdventure/Saved/Config/Windows/Engine.ini]
[2020.09.11-16.31.12:645][  0]LogConfig: Setting CVar [[gc.MaxObjectsNotConsideredByGC:1]]
[2020.09.11-16.31.12:645][  0]LogConfig: Setting CVar [[gc.SizeOfPermanentObjectPool:0]]
[2020.09.11-16.31.12:645][  0]LogConfig: Setting CVar [[gc.FlushStreamingOnGC:0]]
[2020.09.11-16.31.12:645][  0]LogConfig: Setting CVar [[gc.NumRetriesBeforeForcingGC:10]]
[2020.09.11-16.31.12:645][  0]LogConfig: Setting CVar [[gc.AllowParallelGC:1]]
[2020.09.11-16.31.12:645][  0]LogConfig: Setting CVar [[gc.TimeBetweenPurgingPendingKillObjects:61.1]]
[2020.09.11-16.31.12:645][  0]LogConfig: Setting CVar [[gc.MaxObjectsInEditor:25165824]]
[2020.09.11-16.31.12:645][  0]LogConfig: Setting CVar [[gc.IncrementalBeginDestroyEnabled:1]]
[2020.09.11-16.31.12:645][  0]LogConfig: Setting CVar [[gc.CreateGCClusters:1]]
[2020.09.11-16.31.12:645][  0]LogConfig: Setting CVar [[gc.MinGCClusterSize:5]]
[2020.09.11-16.31.12:645][  0]LogConfig: Setting CVar [[gc.ActorClusteringEnabled:0]]
[2020.09.11-16.31.12:645][  0]LogConfig: Setting CVar [[gc.BlueprintClusteringEnabled:0]]
[2020.09.11-16.31.12:645][  0]LogConfig: Setting CVar [[gc.UseDisregardForGCOnDedicatedServers:0]]
[2020.09.11-16.31.12:645][  0]LogConfig: Applying CVar settings from Section [/Script/Engine.NetworkSettings] File [C:/Users/Pishys/Documents/Unreal Projects/TrainningAdventure/Saved/Config/Windows/Engine.ini]
[2020.09.11-16.31.12:645][  0]LogConfig: Applying CVar settings from Section [/Script/UnrealEd.CookerSettings] File [C:/Users/Pishys/Documents/Unreal Projects/TrainningAdventure/Saved/Config/Windows/Engine.ini]
[2020.09.11-16.31.12:649][  0]LogConfig: Applying CVar settings from Section [ViewDistanceQuality@3] File [C:/Users/Pishys/Documents/Unreal Projects/TrainningAdventure/Saved/Config/Windows/Scalability.ini]
[2020.09.11-16.31.12:649][  0]LogConfig: Setting CVar [[r.SkeletalMeshLODBias:0]]
[2020.09.11-16.31.12:649][  0]LogConfig: Setting CVar [[r.ViewDistanceScale:1.0]]
[2020.09.11-16.31.12:649][  0]LogConfig: Applying CVar settings from Section [AntiAliasingQuality@3] File [C:/Users/Pishys/Documents/Unreal Projects/TrainningAdventure/Saved/Config/Windows/Scalability.ini]
[2020.09.11-16.31.12:649][  0]LogConfig: Setting CVar [[r.PostProcessAAQuality:4]]
[2020.09.11-16.31.12:649][  0]LogConfig: Applying CVar settings from Section [ShadowQuality@3] File [C:/Users/Pishys/Documents/Unreal Projects/TrainningAdventure/Saved/Config/Windows/Scalability.ini]
[2020.09.11-16.31.12:649][  0]LogConfig: Setting CVar [[r.LightFunctionQuality:1]]
[2020.09.11-16.31.12:649][  0]LogConfig: Setting CVar [[r.ShadowQuality:5]]
[2020.09.11-16.31.12:649][  0]LogConfig: Setting CVar [[r.Shadow.CSM.MaxCascades:10]]
[2020.09.11-16.31.12:649][  0]LogConfig: Setting CVar [[r.Shadow.MaxResolution:2048]]
[2020.09.11-16.31.12:649][  0]LogConfig: Setting CVar [[r.Shadow.MaxCSMResolution:2048]]
[2020.09.11-16.31.12:649][  0]LogConfig: Setting CVar [[r.Shadow.RadiusThreshold:0.01]]
[2020.09.11-16.31.12:649][  0]LogConfig: Setting CVar [[r.Shadow.DistanceScale:1.0]]
[2020.09.11-16.31.12:649][  0]LogConfig: Setting CVar [[r.Shadow.CSM.TransitionScale:1.0]]
[2020.09.11-16.31.12:649][  0]LogConfig: Setting CVar [[r.Shadow.PreShadowResolutionFactor:1.0]]
[2020.09.11-16.31.12:649][  0]LogConfig: Setting CVar [[r.DistanceFieldShadowing:1]]
[2020.09.11-16.31.12:649][  0]LogConfig: Setting CVar [[r.DistanceFieldAO:1]]
[2020.09.11-16.31.12:649][  0]LogConfig: Setting CVar [[r.AOQuality:2]]
[2020.09.11-16.31.12:649][  0]LogConfig: Setting CVar [[r.VolumetricFog:1]]
[2020.09.11-16.31.12:649][  0]LogConfig: Setting CVar [[r.VolumetricFog.GridPixelSize:8]]
[2020.09.11-16.31.12:649][  0]LogConfig: Setting CVar [[r.VolumetricFog.GridSizeZ:128]]
[2020.09.11-16.31.12:649][  0]LogConfig: Setting CVar [[r.VolumetricFog.HistoryMissSupersampleCount:4]]
[2020.09.11-16.31.12:649][  0]LogConfig: Setting CVar [[r.LightMaxDrawDistanceScale:1]]
[2020.09.11-16.31.12:649][  0]LogConfig: Setting CVar [[r.CapsuleShadows:1]]
[2020.09.11-16.31.12:649][  0]LogConfig: Applying CVar settings from Section [PostProcessQuality@3] File [C:/Users/Pishys/Documents/Unreal Projects/TrainningAdventure/Saved/Config/Windows/Scalability.ini]
[2020.09.11-16.31.12:649][  0]LogConfig: Setting CVar [[r.MotionBlurQuality:4]]
[2020.09.11-16.31.12:649][  0]LogConfig: Setting CVar [[r.AmbientOcclusionMipLevelFactor:0.4]]
[2020.09.11-16.31.12:649][  0]LogConfig: Setting CVar [[r.AmbientOcclusionMaxQuality:100]]
[2020.09.11-16.31.12:649][  0]LogConfig: Setting CVar [[r.AmbientOcclusionLevels:-1]]
[2020.09.11-16.31.12:649][  0]LogConfig: Setting CVar [[r.AmbientOcclusionRadiusScale:1.0]]
[2020.09.11-16.31.12:649][  0]LogConfig: Setting CVar [[r.DepthOfFieldQuality:2]]
[2020.09.11-16.31.12:649][  0]LogConfig: Setting CVar [[r.RenderTargetPoolMin:400]]
[2020.09.11-16.31.12:649][  0]LogConfig: Setting CVar [[r.LensFlareQuality:2]]
[2020.09.11-16.31.12:649][  0]LogConfig: Setting CVar [[r.SceneColorFringeQuality:1]]
[2020.09.11-16.31.12:649][  0]LogConfig: Setting CVar [[r.EyeAdaptationQuality:2]]
[2020.09.11-16.31.12:649][  0]LogConfig: Setting CVar [[r.BloomQuality:5]]
[2020.09.11-16.31.12:649][  0]LogConfig: Setting CVar [[r.FastBlurThreshold:100]]
[2020.09.11-16.31.12:649][  0]LogConfig: Setting CVar [[r.Upscale.Quality:3]]
[2020.09.11-16.31.12:649][  0]LogConfig: Setting CVar [[r.Tonemapper.GrainQuantization:1]]
[2020.09.11-16.31.12:649][  0]LogConfig: Setting CVar [[r.LightShaftQuality:1]]
[2020.09.11-16.31.12:649][  0]LogConfig: Setting CVar [[r.Filter.SizeScale:1]]
[2020.09.11-16.31.12:649][  0]LogConfig: Setting CVar [[r.Tonemapper.Quality:5]]
[2020.09.11-16.31.12:649][  0]LogConfig: Setting CVar [[r.DOF.Gather.AccumulatorQuality:1        ; higher gathering accumulator quality]]
[2020.09.11-16.31.12:649][  0]LogConfig: Setting CVar [[r.DOF.Gather.PostfilterMethod:1          ; Median3x3 postfilering method]]
[2020.09.11-16.31.12:649][  0]LogConfig: Setting CVar [[r.DOF.Gather.EnableBokehSettings:0       ; no bokeh simulation when gathering]]
[2020.09.11-16.31.12:649][  0]LogConfig: Setting CVar [[r.DOF.Gather.RingCount:4                 ; medium number of samples when gathering]]
[2020.09.11-16.31.12:649][  0]LogConfig: Setting CVar [[r.DOF.Scatter.ForegroundCompositing:1    ; additive foreground scattering]]
[2020.09.11-16.31.12:649][  0]LogConfig: Setting CVar [[r.DOF.Scatter.BackgroundCompositing:2    ; additive background scattering]]
[2020.09.11-16.31.12:649][  0]LogConfig: Setting CVar [[r.DOF.Scatter.EnableBokehSettings:1      ; bokeh simulation when scattering]]
[2020.09.11-16.31.12:649][  0]LogConfig: Setting CVar [[r.DOF.Scatter.MaxSpriteRatio:0.1         ; only a maximum of 10% of scattered bokeh]]
[2020.09.11-16.31.12:649][  0]LogConfig: Setting CVar [[r.DOF.Recombine.Quality:1                ; cheap slight out of focus]]
[2020.09.11-16.31.12:649][  0]LogConfig: Setting CVar [[r.DOF.Recombine.EnableBokehSettings:0    ; no bokeh simulation on slight out of focus]]
[2020.09.11-16.31.12:649][  0]LogConfig: Setting CVar [[r.DOF.TemporalAAQuality:1                ; more stable temporal accumulation]]
[2020.09.11-16.31.12:649][  0]LogConfig: Setting CVar [[r.DOF.Kernel.MaxForegroundRadius:0.025]]
[2020.09.11-16.31.12:649][  0]LogConfig: Setting CVar [[r.DOF.Kernel.MaxBackgroundRadius:0.025]]
[2020.09.11-16.31.12:649][  0]LogConfig: Applying CVar settings from Section [TextureQuality@3] File [C:/Users/Pishys/Documents/Unreal Projects/TrainningAdventure/Saved/Config/Windows/Scalability.ini]
[2020.09.11-16.31.12:649][  0]LogConfig: Setting CVar [[r.Streaming.MipBias:0]]
[2020.09.11-16.31.12:649][  0]LogConfig: Setting CVar [[r.Streaming.AmortizeCPUToGPUCopy:0]]
[2020.09.11-16.31.12:649][  0]LogConfig: Setting CVar [[r.Streaming.MaxNumTexturesToStreamPerFrame:0]]
[2020.09.11-16.31.12:649][  0]LogConfig: Setting CVar [[r.Streaming.Boost:1]]
[2020.09.11-16.31.12:649][  0]LogConfig: Setting CVar [[r.MaxAnisotropy:8]]
[2020.09.11-16.31.12:649][  0]LogConfig: Setting CVar [[r.VT.MaxAnisotropy:8]]
[2020.09.11-16.31.12:649][  0]LogConfig: Setting CVar [[r.Streaming.LimitPoolSizeToVRAM:0]]
[2020.09.11-16.31.12:649][  0]LogConfig: Setting CVar [[r.Streaming.PoolSize:1000]]
[2020.09.11-16.31.12:649][  0]LogConfig: Setting CVar [[r.Streaming.MaxEffectiveScreenSize:0]]
[2020.09.11-16.31.12:649][  0]LogConfig: Applying CVar settings from Section [EffectsQuality@3] File [C:/Users/Pishys/Documents/Unreal Projects/TrainningAdventure/Saved/Config/Windows/Scalability.ini]
[2020.09.11-16.31.12:649][  0]LogConfig: Setting CVar [[r.TranslucencyLightingVolumeDim:64]]
[2020.09.11-16.31.12:649][  0]LogConfig: Setting CVar [[r.RefractionQuality:2]]
[2020.09.11-16.31.12:649][  0]LogConfig: Setting CVar [[r.SSR.Quality:3]]
[2020.09.11-16.31.12:649][  0]LogConfig: Setting CVar [[r.SSR.HalfResSceneColor:0]]
[2020.09.11-16.31.12:650][  0]LogConfig: Setting CVar [[r.SceneColorFormat:4]]
[2020.09.11-16.31.12:650][  0]LogConfig: Setting CVar [[r.DetailMode:2]]
[2020.09.11-16.31.12:650][  0]LogConfig: Setting CVar [[r.TranslucencyVolumeBlur:1]]
[2020.09.11-16.31.12:650][  0]LogConfig: Setting CVar [[r.MaterialQualityLevel:1 ; High quality]]
[2020.09.11-16.31.12:650][  0]LogConfig: Setting CVar [[r.SSS.Scale:1]]
[2020.09.11-16.31.12:650][  0]LogConfig: Setting CVar [[r.SSS.SampleSet:2]]
[2020.09.11-16.31.12:650][  0]LogConfig: Setting CVar [[r.SSS.Quality:1]]
[2020.09.11-16.31.12:650][  0]LogConfig: Setting CVar [[r.SSS.HalfRes:0]]
[2020.09.11-16.31.12:650][  0]LogConfig: Setting CVar [[r.SSGI.Quality:3]]
[2020.09.11-16.31.12:650][  0]LogConfig: Setting CVar [[r.EmitterSpawnRateScale:1.0]]
[2020.09.11-16.31.12:650][  0]LogConfig: Setting CVar [[r.ParticleLightQuality:2]]
[2020.09.11-16.31.12:650][  0]LogConfig: Setting CVar [[r.SkyAtmosphere.AerialPerspectiveLUT.FastApplyOnOpaque:1 ; Always have FastSkyLUT 1 in this case to avoid wrong sky]]
[2020.09.11-16.31.12:650][  0]LogConfig: Setting CVar [[r.SkyAtmosphere.AerialPerspectiveLUT.SampleCountPerSlice:1]]
[2020.09.11-16.31.12:650][  0]LogConfig: Setting CVar [[r.SkyAtmosphere.AerialPerspectiveLUT.DepthResolution:16.0]]
[2020.09.11-16.31.12:650][  0]LogConfig: Setting CVar [[r.SkyAtmosphere.FastSkyLUT:1]]
[2020.09.11-16.31.12:650][  0]LogConfig: Setting CVar [[r.SkyAtmosphere.FastSkyLUT.SampleCountMin:4.0]]
[2020.09.11-16.31.12:650][  0]LogConfig: Setting CVar [[r.SkyAtmosphere.FastSkyLUT.SampleCountMax:32.0]]
[2020.09.11-16.31.12:650][  0]LogConfig: Setting CVar [[r.SkyAtmosphere.SampleCountMin:4.0]]
[2020.09.11-16.31.12:650][  0]LogConfig: Setting CVar [[r.SkyAtmosphere.SampleCountMax:32.0]]
[2020.09.11-16.31.12:650][  0]LogConfig: Setting CVar [[r.SkyAtmosphere.TransmittanceLUT.UseSmallFormat:0]]
[2020.09.11-16.31.12:650][  0]LogConfig: Setting CVar [[r.SkyAtmosphere.TransmittanceLUT.SampleCount:10.0]]
[2020.09.11-16.31.12:650][  0]LogConfig: Setting CVar [[r.SkyAtmosphere.MultiScatteringLUT.SampleCount:15.0]]
[2020.09.11-16.31.12:650][  0]LogConfig: Applying CVar settings from Section [FoliageQuality@3] File [C:/Users/Pishys/Documents/Unreal Projects/TrainningAdventure/Saved/Config/Windows/Scalability.ini]
[2020.09.11-16.31.12:650][  0]LogConfig: Setting CVar [[foliage.DensityScale:1.0]]
[2020.09.11-16.31.12:650][  0]LogConfig: Setting CVar [[grass.DensityScale:1.0]]
[2020.09.11-16.31.12:650][  0]LogConfig: Applying CVar settings from Section [ShadingQuality@3] File [C:/Users/Pishys/Documents/Unreal Projects/TrainningAdventure/Saved/Config/Windows/Scalability.ini]
[2020.09.11-16.31.12:650][  0]LogConfig: Setting CVar [[r.HairStrands.SkyLighting.SampleCount:16]]
[2020.09.11-16.31.12:650][  0]LogConfig: Setting CVar [[r.HairStrands.SkyLighting.JitterIntegration:0]]
[2020.09.11-16.31.12:650][  0]LogConfig: Setting CVar [[r.HairStrands.SkyAO.SampleCount:16]]
[2020.09.11-16.31.12:650][  0]LogConfig: Setting CVar [[r.HairStrands.DeepShadow.SuperSampling:0]]
[2020.09.11-16.31.12:650][  0]LogConfig: Setting CVar [[r.HairStrands.VisibilityPPLL:0]]
[2020.09.11-16.31.12:650][  0]LogConfig: Setting CVar [[r.HairStrands.RasterizationScale:0.5]]
[2020.09.11-16.31.12:650][  0]LogConfig: Setting CVar [[r.HairStrands.VelocityRasterizationScale:1]]
[2020.09.11-16.31.12:650][  0]LogInit: Selected Device Profile: [Windows]
[2020.09.11-16.31.12:650][  0]LogInit: Applying CVar settings loaded from the selected device profile: [Windows]
[2020.09.11-16.31.12:650][  0]LogHAL: Display: Platform has ~ 16 GB [17128243200 / 17179869184 / 16], which maps to Larger [LargestMinGB=32, LargerMinGB=12, DefaultMinGB=8, SmallerMinGB=6, SmallestMinGB=0)
[2020.09.11-16.31.12:650][  0]LogInit: Going up to parent DeviceProfile []
[2020.09.11-16.31.12:650][  0]LogConfig: Applying CVar settings from Section [ViewDistanceQuality@3] File [C:/Users/Pishys/Documents/Unreal Projects/TrainningAdventure/Saved/Config/Windows/Scalability.ini]
[2020.09.11-16.31.12:650][  0]LogConfig: Setting CVar [[r.SkeletalMeshLODBias:0]]
[2020.09.11-16.31.12:650][  0]LogConfig: Setting CVar [[r.ViewDistanceScale:1.0]]
[2020.09.11-16.31.12:650][  0]LogConfig: Applying CVar settings from Section [AntiAliasingQuality@3] File [C:/Users/Pishys/Documents/Unreal Projects/TrainningAdventure/Saved/Config/Windows/Scalability.ini]
[2020.09.11-16.31.12:650][  0]LogConfig: Setting CVar [[r.PostProcessAAQuality:4]]
[2020.09.11-16.31.12:650][  0]LogConfig: Applying CVar settings from Section [ShadowQuality@3] File [C:/Users/Pishys/Documents/Unreal Projects/TrainningAdventure/Saved/Config/Windows/Scalability.ini]
[2020.09.11-16.31.12:650][  0]LogConfig: Setting CVar [[r.LightFunctionQuality:1]]
[2020.09.11-16.31.12:650][  0]LogConfig: Setting CVar [[r.ShadowQuality:5]]
[2020.09.11-16.31.12:650][  0]LogConfig: Setting CVar [[r.Shadow.CSM.MaxCascades:10]]
[2020.09.11-16.31.12:650][  0]LogConfig: Setting CVar [[r.Shadow.MaxResolution:2048]]
[2020.09.11-16.31.12:650][  0]LogConfig: Setting CVar [[r.Shadow.MaxCSMResolution:2048]]
[2020.09.11-16.31.12:650][  0]LogConfig: Setting CVar [[r.Shadow.RadiusThreshold:0.01]]
[2020.09.11-16.31.12:650][  0]LogConfig: Setting CVar [[r.Shadow.DistanceScale:1.0]]
[2020.09.11-16.31.12:650][  0]LogConfig: Setting CVar [[r.Shadow.CSM.TransitionScale:1.0]]
[2020.09.11-16.31.12:650][  0]LogConfig: Setting CVar [[r.Shadow.PreShadowResolutionFactor:1.0]]
[2020.09.11-16.31.12:650][  0]LogConfig: Setting CVar [[r.DistanceFieldShadowing:1]]
[2020.09.11-16.31.12:650][  0]LogConfig: Setting CVar [[r.DistanceFieldAO:1]]
[2020.09.11-16.31.12:650][  0]LogConfig: Setting CVar [[r.AOQuality:2]]
[2020.09.11-16.31.12:650][  0]LogConfig: Setting CVar [[r.VolumetricFog:1]]
[2020.09.11-16.31.12:650][  0]LogConfig: Setting CVar [[r.VolumetricFog.GridPixelSize:8]]
[2020.09.11-16.31.12:650][  0]LogConfig: Setting CVar [[r.VolumetricFog.GridSizeZ:128]]
[2020.09.11-16.31.12:650][  0]LogConfig: Setting CVar [[r.VolumetricFog.HistoryMissSupersampleCount:4]]
[2020.09.11-16.31.12:650][  0]LogConfig: Setting CVar [[r.LightMaxDrawDistanceScale:1]]
[2020.09.11-16.31.12:650][  0]LogConfig: Setting CVar [[r.CapsuleShadows:1]]
[2020.09.11-16.31.12:650][  0]LogConfig: Applying CVar settings from Section [PostProcessQuality@3] File [C:/Users/Pishys/Documents/Unreal Projects/TrainningAdventure/Saved/Config/Windows/Scalability.ini]
[2020.09.11-16.31.12:650][  0]LogConfig: Setting CVar [[r.MotionBlurQuality:4]]
[2020.09.11-16.31.12:650][  0]LogConfig: Setting CVar [[r.AmbientOcclusionMipLevelFactor:0.4]]
[2020.09.11-16.31.12:650][  0]LogConfig: Setting CVar [[r.AmbientOcclusionMaxQuality:100]]
[2020.09.11-16.31.12:650][  0]LogConfig: Setting CVar [[r.AmbientOcclusionLevels:-1]]
[2020.09.11-16.31.12:650][  0]LogConfig: Setting CVar [[r.AmbientOcclusionRadiusScale:1.0]]
[2020.09.11-16.31.12:650][  0]LogConfig: Setting CVar [[r.DepthOfFieldQuality:2]]
[2020.09.11-16.31.12:650][  0]LogConfig: Setting CVar [[r.RenderTargetPoolMin:400]]
[2020.09.11-16.31.12:650][  0]LogConfig: Setting CVar [[r.LensFlareQuality:2]]
[2020.09.11-16.31.12:650][  0]LogConfig: Setting CVar [[r.SceneColorFringeQuality:1]]
[2020.09.11-16.31.12:650][  0]LogConfig: Setting CVar [[r.EyeAdaptationQuality:2]]
[2020.09.11-16.31.12:650][  0]LogConfig: Setting CVar [[r.BloomQuality:5]]
[2020.09.11-16.31.12:650][  0]LogConfig: Setting CVar [[r.FastBlurThreshold:100]]
[2020.09.11-16.31.12:650][  0]LogConfig: Setting CVar [[r.Upscale.Quality:3]]
[2020.09.11-16.31.12:650][  0]LogConfig: Setting CVar [[r.Tonemapper.GrainQuantization:1]]
[2020.09.11-16.31.12:650][  0]LogConfig: Setting CVar [[r.LightShaftQuality:1]]
[2020.09.11-16.31.12:651][  0]LogConfig: Setting CVar [[r.Filter.SizeScale:1]]
[2020.09.11-16.31.12:651][  0]LogConfig: Setting CVar [[r.Tonemapper.Quality:5]]
[2020.09.11-16.31.12:651][  0]LogConfig: Setting CVar [[r.DOF.Gather.AccumulatorQuality:1        ; higher gathering accumulator quality]]
[2020.09.11-16.31.12:651][  0]LogConfig: Setting CVar [[r.DOF.Gather.PostfilterMethod:1          ; Median3x3 postfilering method]]
[2020.09.11-16.31.12:651][  0]LogConfig: Setting CVar [[r.DOF.Gather.EnableBokehSettings:0       ; no bokeh simulation when gathering]]
[2020.09.11-16.31.12:651][  0]LogConfig: Setting CVar [[r.DOF.Gather.RingCount:4                 ; medium number of samples when gathering]]
[2020.09.11-16.31.12:651][  0]LogConfig: Setting CVar [[r.DOF.Scatter.ForegroundCompositing:1    ; additive foreground scattering]]
[2020.09.11-16.31.12:651][  0]LogConfig: Setting CVar [[r.DOF.Scatter.BackgroundCompositing:2    ; additive background scattering]]
[2020.09.11-16.31.12:651][  0]LogConfig: Setting CVar [[r.DOF.Scatter.EnableBokehSettings:1      ; bokeh simulation when scattering]]
[2020.09.11-16.31.12:651][  0]LogConfig: Setting CVar [[r.DOF.Scatter.MaxSpriteRatio:0.1         ; only a maximum of 10% of scattered bokeh]]
[2020.09.11-16.31.12:651][  0]LogConfig: Setting CVar [[r.DOF.Recombine.Quality:1                ; cheap slight out of focus]]
[2020.09.11-16.31.12:651][  0]LogConfig: Setting CVar [[r.DOF.Recombine.EnableBokehSettings:0    ; no bokeh simulation on slight out of focus]]
[2020.09.11-16.31.12:651][  0]LogConfig: Setting CVar [[r.DOF.TemporalAAQuality:1                ; more stable temporal accumulation]]
[2020.09.11-16.31.12:651][  0]LogConfig: Setting CVar [[r.DOF.Kernel.MaxForegroundRadius:0.025]]
[2020.09.11-16.31.12:651][  0]LogConfig: Setting CVar [[r.DOF.Kernel.MaxBackgroundRadius:0.025]]
[2020.09.11-16.31.12:651][  0]LogConfig: Applying CVar settings from Section [TextureQuality@3] File [C:/Users/Pishys/Documents/Unreal Projects/TrainningAdventure/Saved/Config/Windows/Scalability.ini]
[2020.09.11-16.31.12:651][  0]LogConfig: Setting CVar [[r.Streaming.MipBias:0]]
[2020.09.11-16.31.12:651][  0]LogConfig: Setting CVar [[r.Streaming.AmortizeCPUToGPUCopy:0]]
[2020.09.11-16.31.12:651][  0]LogConfig: Setting CVar [[r.Streaming.MaxNumTexturesToStreamPerFrame:0]]
[2020.09.11-16.31.12:651][  0]LogConfig: Setting CVar [[r.Streaming.Boost:1]]
[2020.09.11-16.31.12:651][  0]LogConfig: Setting CVar [[r.MaxAnisotropy:8]]
[2020.09.11-16.31.12:651][  0]LogConfig: Setting CVar [[r.VT.MaxAnisotropy:8]]
[2020.09.11-16.31.12:651][  0]LogConfig: Setting CVar [[r.Streaming.LimitPoolSizeToVRAM:0]]
[2020.09.11-16.31.12:651][  0]LogConfig: Setting CVar [[r.Streaming.PoolSize:1000]]
[2020.09.11-16.31.12:651][  0]LogConfig: Setting CVar [[r.Streaming.MaxEffectiveScreenSize:0]]
[2020.09.11-16.31.12:651][  0]LogConfig: Applying CVar settings from Section [EffectsQuality@3] File [C:/Users/Pishys/Documents/Unreal Projects/TrainningAdventure/Saved/Config/Windows/Scalability.ini]
[2020.09.11-16.31.12:651][  0]LogConfig: Setting CVar [[r.TranslucencyLightingVolumeDim:64]]
[2020.09.11-16.31.12:651][  0]LogConfig: Setting CVar [[r.RefractionQuality:2]]
[2020.09.11-16.31.12:651][  0]LogConfig: Setting CVar [[r.SSR.Quality:3]]
[2020.09.11-16.31.12:651][  0]LogConfig: Setting CVar [[r.SSR.HalfResSceneColor:0]]
[2020.09.11-16.31.12:651][  0]LogConfig: Setting CVar [[r.SceneColorFormat:4]]
[2020.09.11-16.31.12:651][  0]LogConfig: Setting CVar [[r.DetailMode:2]]
[2020.09.11-16.31.12:651][  0]LogConfig: Setting CVar [[r.TranslucencyVolumeBlur:1]]
[2020.09.11-16.31.12:651][  0]LogConfig: Setting CVar [[r.MaterialQualityLevel:1 ; High quality]]
[2020.09.11-16.31.12:651][  0]LogConfig: Setting CVar [[r.SSS.Scale:1]]
[2020.09.11-16.31.12:651][  0]LogConfig: Setting CVar [[r.SSS.SampleSet:2]]
[2020.09.11-16.31.12:651][  0]LogConfig: Setting CVar [[r.SSS.Quality:1]]
[2020.09.11-16.31.12:651][  0]LogConfig: Setting CVar [[r.SSS.HalfRes:0]]
[2020.09.11-16.31.12:651][  0]LogConfig: Setting CVar [[r.SSGI.Quality:3]]
[2020.09.11-16.31.12:651][  0]LogConfig: Setting CVar [[r.EmitterSpawnRateScale:1.0]]
[2020.09.11-16.31.12:651][  0]LogConfig: Setting CVar [[r.ParticleLightQuality:2]]
[2020.09.11-16.31.12:651][  0]LogConfig: Setting CVar [[r.SkyAtmosphere.AerialPerspectiveLUT.FastApplyOnOpaque:1 ; Always have FastSkyLUT 1 in this case to avoid wrong sky]]
[2020.09.11-16.31.12:651][  0]LogConfig: Setting CVar [[r.SkyAtmosphere.AerialPerspectiveLUT.SampleCountPerSlice:1]]
[2020.09.11-16.31.12:651][  0]LogConfig: Setting CVar [[r.SkyAtmosphere.AerialPerspectiveLUT.DepthResolution:16.0]]
[2020.09.11-16.31.12:651][  0]LogConfig: Setting CVar [[r.SkyAtmosphere.FastSkyLUT:1]]
[2020.09.11-16.31.12:651][  0]LogConfig: Setting CVar [[r.SkyAtmosphere.FastSkyLUT.SampleCountMin:4.0]]
[2020.09.11-16.31.12:651][  0]LogConfig: Setting CVar [[r.SkyAtmosphere.FastSkyLUT.SampleCountMax:32.0]]
[2020.09.11-16.31.12:651][  0]LogConfig: Setting CVar [[r.SkyAtmosphere.SampleCountMin:4.0]]
[2020.09.11-16.31.12:651][  0]LogConfig: Setting CVar [[r.SkyAtmosphere.SampleCountMax:32.0]]
[2020.09.11-16.31.12:651][  0]LogConfig: Setting CVar [[r.SkyAtmosphere.TransmittanceLUT.UseSmallFormat:0]]
[2020.09.11-16.31.12:651][  0]LogConfig: Setting CVar [[r.SkyAtmosphere.TransmittanceLUT.SampleCount:10.0]]
[2020.09.11-16.31.12:651][  0]LogConfig: Setting CVar [[r.SkyAtmosphere.MultiScatteringLUT.SampleCount:15.0]]
[2020.09.11-16.31.12:651][  0]LogConfig: Applying CVar settings from Section [FoliageQuality@3] File [C:/Users/Pishys/Documents/Unreal Projects/TrainningAdventure/Saved/Config/Windows/Scalability.ini]
[2020.09.11-16.31.12:651][  0]LogConfig: Setting CVar [[foliage.DensityScale:1.0]]
[2020.09.11-16.31.12:651][  0]LogConfig: Setting CVar [[grass.DensityScale:1.0]]
[2020.09.11-16.31.12:651][  0]LogConfig: Applying CVar settings from Section [ShadingQuality@3] File [C:/Users/Pishys/Documents/Unreal Projects/TrainningAdventure/Saved/Config/Windows/Scalability.ini]
[2020.09.11-16.31.12:651][  0]LogConfig: Setting CVar [[r.HairStrands.SkyLighting.SampleCount:16]]
[2020.09.11-16.31.12:651][  0]LogConfig: Setting CVar [[r.HairStrands.SkyLighting.JitterIntegration:0]]
[2020.09.11-16.31.12:651][  0]LogConfig: Setting CVar [[r.HairStrands.SkyAO.SampleCount:16]]
[2020.09.11-16.31.12:651][  0]LogConfig: Setting CVar [[r.HairStrands.DeepShadow.SuperSampling:0]]
[2020.09.11-16.31.12:651][  0]LogConfig: Setting CVar [[r.HairStrands.VisibilityPPLL:0]]
[2020.09.11-16.31.12:651][  0]LogConfig: Setting CVar [[r.HairStrands.RasterizationScale:0.5]]
[2020.09.11-16.31.12:651][  0]LogConfig: Setting CVar [[r.HairStrands.VelocityRasterizationScale:1]]
[2020.09.11-16.31.12:651][  0]LogConfig: Applying CVar settings from Section [Startup] File [../../../Engine/Config/ConsoleVariables.ini]
[2020.09.11-16.31.12:651][  0]LogConfig: Setting CVar [[net.UseAdaptiveNetUpdateFrequency:0]]
[2020.09.11-16.31.12:651][  0]LogConfig: Setting CVar [[p.chaos.AllowCreatePhysxBodies:1]]
[2020.09.11-16.31.12:651][  0]LogConfig: Setting CVar [[fx.SkipVectorVMBackendOptimizations:1]]
[2020.09.11-16.31.12:651][  0]LogConfig: Applying CVar settings from Section [ConsoleVariables] File [C:/Users/Pishys/Documents/Unreal Projects/TrainningAdventure/Saved/Config/Windows/Engine.ini]
[2020.09.11-16.31.12:652][  0]LogInit: Computer: DESKTOP-6VRO0HT
[2020.09.11-16.31.12:652][  0]LogInit: User: Pishys
[2020.09.11-16.31.12:652][  0]LogInit: CPU Page size=4096, Cores=6
[2020.09.11-16.31.12:652][  0]LogInit: High frequency timer resolution =10.000000 MHz
[2020.09.11-16.31.12:652][  0]LogMemory: Memory total: Physical=16.0GB (16GB approx)
[2020.09.11-16.31.12:652][  0]LogMemory: Platform Memory Stats for Windows
[2020.09.11-16.31.12:652][  0]LogMemory: Process Physical Memory: 114.36 MB used, 114.36 MB peak
[2020.09.11-16.31.12:652][  0]LogMemory: Process Virtual Memory: 97.05 MB used, 97.05 MB peak
[2020.09.11-16.31.12:652][  0]LogMemory: Physical Memory: 6436.29 MB used,  9898.48 MB free, 16334.77 MB total
[2020.09.11-16.31.12:652][  0]LogMemory: Virtual Memory: 5164.91 MB used,  134212560.00 MB free, 134217728.00 MB total
[2020.09.11-16.31.12:655][  0]LogWindows: WindowsPlatformFeatures enabled
[2020.09.11-16.31.12:677][  0]LogInit: Physics initialised using underlying interface: PhysX
[2020.09.11-16.31.12:677][  0]LogInit: Using OS detected language (en-US).
[2020.09.11-16.31.12:677][  0]LogInit: Using OS detected locale (en-CY).
[2020.09.11-16.31.12:680][  0]LogTextLocalizationManager: No specific localization for 'en-US' exists, so the 'en' localization will be used.
[2020.09.11-16.31.12:820][  0]LogInit: Setting process to per monitor DPI aware
[2020.09.11-16.31.12:850][  0]LogSlate: New Slate User Created.  User Index 0, Is Virtual User: 0
[2020.09.11-16.31.12:850][  0]LogSlate: Slate User Registered.  User Index 0, Is Virtual User: 0
[2020.09.11-16.31.12:963][  0]LogHMD: Failed to initialize OpenVR with code 110
[2020.09.11-16.31.12:963][  0]LogD3D11RHI: D3D11 min allowed feature level: 11_0
[2020.09.11-16.31.12:963][  0]LogD3D11RHI: D3D11 max allowed feature level: 11_0
[2020.09.11-16.31.12:963][  0]LogD3D11RHI: D3D11 adapters:
[2020.09.11-16.31.12:997][  0]LogD3D11RHI:    0. 'AMD Radeon RX 5700 XT' (Feature Level 11_0)
[2020.09.11-16.31.12:997][  0]LogD3D11RHI:       8148/0/8167 MB DedicatedVideo/DedicatedSystem/SharedSystem, Outputs:1, VendorId:0x1002
[2020.09.11-16.31.12:999][  0]LogD3D11RHI:    1. 'Microsoft Basic Render Driver' (Feature Level 11_0)
[2020.09.11-16.31.12:999][  0]LogD3D11RHI:       0/0/8167 MB DedicatedVideo/DedicatedSystem/SharedSystem, Outputs:0, VendorId:0x1414
[2020.09.11-16.31.12:999][  0]LogD3D11RHI: Chosen D3D11 Adapter: 0
[2020.09.11-16.31.13:004][  0]LogD3D11RHI: Creating new Direct3DDevice
[2020.09.11-16.31.13:004][  0]LogD3D11RHI:     GPU DeviceId: 0x731f (for the marketing name, search the web for "GPU Device Id")
[2020.09.11-16.31.13:004][  0]LogWindows: EnumDisplayDevices:
[2020.09.11-16.31.13:004][  0]LogWindows:    0. 'AMD Radeon RX 5700 XT' (P:1 D:1)
[2020.09.11-16.31.13:005][  0]LogWindows:    1. 'AMD Radeon RX 5700 XT' (P:0 D:0)
[2020.09.11-16.31.13:005][  0]LogWindows:    2. 'AMD Radeon RX 5700 XT' (P:0 D:0)
[2020.09.11-16.31.13:005][  0]LogWindows:    3. 'AMD Radeon RX 5700 XT' (P:0 D:0)
[2020.09.11-16.31.13:005][  0]LogWindows:    4. 'AMD Radeon RX 5700 XT' (P:0 D:0)
[2020.09.11-16.31.13:006][  0]LogWindows:    5. 'AMD Radeon RX 5700 XT' (P:0 D:0)
[2020.09.11-16.31.13:006][  0]LogWindows:    6. 'AMD Radeon RX 5700 XT' (P:0 D:0)
[2020.09.11-16.31.13:006][  0]LogWindows:    7. 'AMD Radeon RX 5700 XT' (P:0 D:0)
[2020.09.11-16.31.13:006][  0]LogWindows: DebugString: FoundDriverCount:8 
[2020.09.11-16.31.13:006][  0]LogD3D11RHI:     Adapter Name: AMD Radeon RX 5700 XT
[2020.09.11-16.31.13:006][  0]LogD3D11RHI:   Driver Version: Adrenalin 2020 20.5.1 (internal:27.20.1017.1011, unified:27.20.1017.1011)
[2020.09.11-16.31.13:006][  0]LogD3D11RHI:      Driver Date: 5-25-2020
[2020.09.11-16.31.13:007][  0]LogRHI: Texture pool is 4848 MB (70% of 6926 MB)
[2020.09.11-16.31.13:053][  0]LogD3D11RHI: RHI has support for 64 bit atomics
[2020.09.11-16.31.13:054][  0]LogD3D11RHI: Async texture creation enabled
[2020.09.11-16.31.13:054][  0]LogD3D11RHI: Array index from any shader is supported
[2020.09.11-16.31.13:070][  0]LogD3D11RHI: GPU Timing Frequency: 100.000000 (Debug: 2 1)
[2020.09.11-16.31.13:289][  0]LogTargetPlatformManager: Display: Loaded TargetPlatform 'AllDesktop'
[2020.09.11-16.31.13:307][  0]LogTargetPlatformManager: Display: Loaded TargetPlatform 'Android'
[2020.09.11-16.31.13:307][  0]LogTargetPlatformManager: Display: Loaded TargetPlatform 'Android_ASTC'
[2020.09.11-16.31.13:307][  0]LogTargetPlatformManager: Display: Loaded TargetPlatform 'Android_DXT'
[2020.09.11-16.31.13:308][  0]LogTargetPlatformManager: Display: Loaded TargetPlatform 'Android_ETC2'
[2020.09.11-16.31.13:308][  0]LogTargetPlatformManager: Display: Loaded TargetPlatform 'AndroidClient'
[2020.09.11-16.31.13:308][  0]LogTargetPlatformManager: Display: Loaded TargetPlatform 'Android_ASTCClient'
[2020.09.11-16.31.13:308][  0]LogTargetPlatformManager: Display: Loaded TargetPlatform 'Android_DXTClient'
[2020.09.11-16.31.13:308][  0]LogTargetPlatformManager: Display: Loaded TargetPlatform 'Android_ETC2Client'
[2020.09.11-16.31.13:308][  0]LogTargetPlatformManager: Display: Loaded TargetPlatform 'Android_Multi'
[2020.09.11-16.31.13:308][  0]LogTargetPlatformManager: Display: Loaded TargetPlatform 'Android_MultiClient'
[2020.09.11-16.31.13:327][  0]LogTargetPlatformManager: Display: Loaded TargetPlatform 'IOSClient'
[2020.09.11-16.31.13:327][  0]LogTargetPlatformManager: Display: Loaded TargetPlatform 'IOS'
[2020.09.11-16.31.13:336][  0]LogTargetPlatformManager: Display: Loaded TargetPlatform 'Linux'
[2020.09.11-16.31.13:344][  0]LogTargetPlatformManager: Display: Loaded TargetPlatform 'LinuxNoEditor'
[2020.09.11-16.31.13:353][  0]LogTargetPlatformManager: Display: Loaded TargetPlatform 'LinuxClient'
[2020.09.11-16.31.13:361][  0]LogTargetPlatformManager: Display: Loaded TargetPlatform 'LinuxServer'
[2020.09.11-16.31.13:369][  0]LogTargetPlatformManager: Display: Loaded TargetPlatform 'LinuxAArch64NoEditor'
[2020.09.11-16.31.13:377][  0]LogTargetPlatformManager: Display: Loaded TargetPlatform 'LinuxAArch64Client'
[2020.09.11-16.31.13:386][  0]LogTargetPlatformManager: Display: Loaded TargetPlatform 'LinuxAArch64Server'
[2020.09.11-16.31.13:410][  0]LogTargetPlatformManager: Display: Loaded TargetPlatform 'Lumin'
[2020.09.11-16.31.13:410][  0]LogTargetPlatformManager: Display: Loaded TargetPlatform 'LuminClient'
[2020.09.11-16.31.13:423][  0]LogTargetPlatformManager: Display: Loaded TargetPlatform 'TVOSClient'
[2020.09.11-16.31.13:423][  0]LogTargetPlatformManager: Display: Loaded TargetPlatform 'TVOS'
[2020.09.11-16.31.13:432][  0]LogTargetPlatformManager: Display: Loaded TargetPlatform 'WindowsNoEditor'
[2020.09.11-16.31.13:440][  0]LogTargetPlatformManager: Display: Loaded TargetPlatform 'Windows'
[2020.09.11-16.31.13:448][  0]LogTargetPlatformManager: Display: Loaded TargetPlatform 'WindowsClient'
[2020.09.11-16.31.13:455][  0]LogTargetPlatformManager: Display: Loaded TargetPlatform 'WindowsServer'
[2020.09.11-16.31.13:455][  0]LogTargetPlatformManager: Display: Building Assets For Windows
[2020.09.11-16.31.13:461][  0]LogAudioDebug: Display: Lib vorbis DLL was dynamically loaded.
[2020.09.11-16.31.13:505][  0]LogShaderCompilers: Guid format shader working directory is -28 characters bigger than the processId version (../../../../../../Users/Pishys/Documents/Unreal Projects/TrainningAdventure/Intermediate/Shaders/WorkingDirectory/5172/).
[2020.09.11-16.31.13:505][  0]LogShaderCompilers: Cleaned the shader compiler working directory 'C:/Users/Pishys/AppData/Local/Temp/UnrealShaderWorkingDir/547CA0CE4274C2ADB4D0899BE0AF0CF7/'.
[2020.09.11-16.31.13:506][  0]LogXGEController: Cannot use XGE Controller as Incredibuild is not installed on this machine.
[2020.09.11-16.31.13:506][  0]LogShaderCompilers: Cannot use XGE Shader Compiler as Incredibuild is not installed on this machine.
[2020.09.11-16.31.13:506][  0]LogShaderCompilers: Display: Using Local Shader Compiler.
[2020.09.11-16.31.14:163][  0]LogDerivedDataCache: Display: Max Cache Size: 512 MB
[2020.09.11-16.31.14:199][  0]LogDerivedDataCache: Loaded boot cache 0.04s 75MB C:/Users/Pishys/AppData/Local/UnrealEngine/4.25/DerivedDataCache/Boot.ddc.
[2020.09.11-16.31.14:199][  0]LogDerivedDataCache: Display: Loaded Boot cache: C:/Users/Pishys/AppData/Local/UnrealEngine/4.25/DerivedDataCache/Boot.ddc
[2020.09.11-16.31.14:199][  0]LogDerivedDataCache: FDerivedDataBackendGraph:  Pak pak cache file ../../../../../../Users/Pishys/Documents/Unreal Projects/TrainningAdventure/DerivedDataCache/DDC.ddp not found, will not use a pak cache.
[2020.09.11-16.31.14:199][  0]LogDerivedDataCache: Unable to find inner node Pak for hierarchical cache Hierarchy.
[2020.09.11-16.31.14:199][  0]LogDerivedDataCache: FDerivedDataBackendGraph:  CompressedPak pak cache file ../../../../../../Users/Pishys/Documents/Unreal Projects/TrainningAdventure/DerivedDataCache/Compressed.ddp not found, will not use a pak cache.
[2020.09.11-16.31.14:199][  0]LogDerivedDataCache: Unable to find inner node CompressedPak for hierarchical cache Hierarchy.
[2020.09.11-16.31.14:209][  0]LogDerivedDataCache: Display: Pak cache opened for reading ../../../Engine/DerivedDataCache/Compressed.ddp.
[2020.09.11-16.31.14:209][  0]LogDerivedDataCache: FDerivedDataBackendGraph:  EnterprisePak pak cache file ../../../Enterprise/DerivedDataCache/Compressed.ddp not found, will not use a pak cache.
[2020.09.11-16.31.14:209][  0]LogDerivedDataCache: Unable to find inner node EnterprisePak for hierarchical cache Hierarchy.
[2020.09.11-16.31.14:210][  0]LogDerivedDataCache: Using Local data cache path C:/Users/Pishys/AppData/Local/UnrealEngine/Common/DerivedDataCache: Writable
[2020.09.11-16.31.14:210][  0]LogDerivedDataCache: Shared data cache path not found in *engine.ini, will not use an Shared cache.
[2020.09.11-16.31.14:210][  0]LogDerivedDataCache: Unable to find inner node Shared for hierarchical cache Hierarchy.
[2020.09.11-16.31.14:253][  0]LogSlate: Using FreeType 2.10.0
[2020.09.11-16.31.14:253][  0]LogSlate: SlateFontServices - WITH_FREETYPE: 1, WITH_HARFBUZZ: 1
[2020.09.11-16.31.14:275][  0]LogAssetRegistry: FAssetRegistry took 0.0023 seconds to start up
[2020.09.11-16.31.14:473][  0]LogInit: Selected Device Profile: [Windows]
[2020.09.11-16.31.14:560][  0]LogMeshReduction: Using QuadricMeshReduction for automatic static mesh reduction
[2020.09.11-16.31.14:560][  0]LogMeshReduction: Using SimplygonMeshReduction for automatic skeletal mesh reduction
[2020.09.11-16.31.14:560][  0]LogMeshReduction: Using ProxyLODMeshReduction for automatic mesh merging
[2020.09.11-16.31.14:560][  0]LogMeshReduction: No distributed automatic mesh merging module available
[2020.09.11-16.31.14:560][  0]LogMeshMerging: No distributed automatic mesh merging module available
[2020.09.11-16.31.14:571][  0]LogNetVersion: TrainningAdventure 1.0.0, NetCL: 13144385, EngineNetVer: 14, GameNetVer: 0 (Checksum: 2070315334)
[2020.09.11-16.31.14:911][  0]LogAISub: UAISubsystem::UAISubsystem AISubsystem (00000290B0220340), frame # 0
[2020.09.11-16.31.14:911][  0]LogAISub: UAISubsystem::UAISubsystem AIPerceptionSystem (00000290B0159E40), frame # 0
[2020.09.11-16.31.14:912][  0]LogAISub: UAISubsystem::UAISubsystem EnvQueryManager (00000290B01A1E00), frame # 0
[2020.09.11-16.31.14:949][  0]LogPackageLocalizationCache: Processed 20 localized package path(s) for 1 prioritized culture(s) in 0.032229 seconds
[2020.09.11-16.31.14:954][  0]LogUObjectArray: 15917 objects as part of root set at end of initial load.
[2020.09.11-16.31.14:954][  0]LogUObjectAllocator: 3965568 out of 0 bytes used by permanent object pool.
[2020.09.11-16.31.14:954][  0]LogUObjectArray: CloseDisregardForGC: 0/0 objects in disregard for GC pool
[2020.09.11-16.31.15:221][  0]LogTcpMessaging: Initializing TcpMessaging bridge
[2020.09.11-16.31.15:224][  0]LogUdpMessaging: Initializing bridge on interface 0.0.0.0:0 to multicast group 230.0.0.1:6666.
[2020.09.11-16.31.15:295][  0]SourceControl: Source control is disabled
[2020.09.11-16.31.15:295][  0]SourceControl: Source control is disabled
[2020.09.11-16.31.15:297][  0]SourceControl: Source control is disabled
[2020.09.11-16.31.15:299][  0]SourceControl: Source control is disabled
[2020.09.11-16.31.15:304][  0]SourceControl: Source control is disabled
[2020.09.11-16.31.15:314][  0]LogVSAccessor: Display: Unable to create Visual Studio setup instance: 80040154
[2020.09.11-16.31.15:314][  0]LogVSAccessor: Display: Unable to create Visual Studio setup instance: 80040154
[2020.09.11-16.31.15:486][  0]LogAndroidPermission: UAndroidPermissionCallbackProxy::GetInstance
[2020.09.11-16.31.15:501][  0]LogAudioCaptureCore: Display: No Audio Capture implementations found. Audio input will be silent.
[2020.09.11-16.31.15:501][  0]LogAudioCaptureCore: Display: No Audio Capture implementations found. Audio input will be silent.
[2020.09.11-16.31.15:540][  0]LogOcInput: OculusInput pre-init called
[2020.09.11-16.31.15:548][  0]LogWindows: Failed to load 'OVRPlugin.dll' (GetLastError=126)
[2020.09.11-16.31.15:548][  0]LogWindows: File 'OVRPlugin.dll' does not exist
[2020.09.11-16.31.15:601][  0]LogEngine: Initializing Engine...
[2020.09.11-16.31.15:602][  0]LogHMD: Failed to initialize OpenVR with code 110
[2020.09.11-16.31.15:602][  0]LogMagicLeap: Warning: VR disabled because ZI is not enabled.  To enable, in the editor, Edit -> Project Settings -> Plugins -> Magic Leap Plugin -> Enable Zero Iteration
[2020.09.11-16.31.15:603][  0]LogStats: UGameplayTagsManager::InitializeManager -  0.000 s
[2020.09.11-16.31.15:688][  0]LogInit: Initializing FReadOnlyCVARCache
[2020.09.11-16.31.15:694][  0]LogAIModule: Creating AISystem for world Untitled
[2020.09.11-16.31.15:694][  0]LogAISub: UAISubsystem::UAISubsystem EnvQueryManager (00000290B4AE8800), frame # 0
[2020.09.11-16.31.15:694][  0]LogAISub: UAISubsystem::UAISubsystem AIPerceptionSystem (00000290B4B01440), frame # 0
[2020.09.11-16.31.15:710][  0]LogAudioMixer: Display: Audio Mixer Platform Settings:
[2020.09.11-16.31.15:710][  0]LogAudioMixer: Display: 	Sample Rate:						  48000
[2020.09.11-16.31.15:710][  0]LogAudioMixer: Display: 	Callback Buffer Frame Size Requested: 1024
[2020.09.11-16.31.15:710][  0]LogAudioMixer: Display: 	Callback Buffer Frame Size To Use:	  1024
[2020.09.11-16.31.15:710][  0]LogAudioMixer: Display: 	Number of buffers to queue:			  2
[2020.09.11-16.31.15:710][  0]LogAudioMixer: Display: 	Max Channels (voices):				  32
[2020.09.11-16.31.15:710][  0]LogAudioMixer: Display: 	Number of Async Source Workers:		  0
[2020.09.11-16.31.15:710][  0]LogAudio: Display: AudioDevice MaxSources: 32
[2020.09.11-16.31.15:711][  0]LogAudio: Display: Using built-in audio occlusion.
[2020.09.11-16.31.15:711][  0]LogAudioMixer: Display: Initializing audio mixer.
[2020.09.11-16.31.15:721][  0]LogAudioMixer: Display: 0: FrontLeft
[2020.09.11-16.31.15:721][  0]LogAudioMixer: Display: 1: FrontRight
[2020.09.11-16.31.15:764][  0]LogAudioMixer: Display: Using Audio Device Speakers (SB Tactic3D Rage Wireless)
[2020.09.11-16.31.15:767][  0]LogAudioMixer: Display: Initializing Sound Submixes...
[2020.09.11-16.31.15:768][  0]LogAudioMixer: Display: Creating Master Submix 'MasterSubmixDefault'
[2020.09.11-16.31.15:768][  0]LogAudioMixer: Display: Creating Master Submix 'MasterReverbSubmixDefault'
[2020.09.11-16.31.15:769][  0]LogAudioMixer: Display: Creating Master Submix 'MasterEQSubmixDefault'
[2020.09.11-16.31.15:770][  0]LogInit: FAudioDevice initialized.
[2020.09.11-16.31.15:770][  0]LogNetVersion: Set ProjectVersion to 1.0.0.0. Version Checksum will be recalculated on next use.
[2020.09.11-16.31.15:806][  0]LogDerivedDataCache: Saved boot cache 0.04s 75MB C:/Users/Pishys/AppData/Local/UnrealEngine/4.25/DerivedDataCache/Boot.ddc.
[2020.09.11-16.31.15:810][  0]LogInit: Texture streaming: Enabled
[2020.09.11-16.31.15:821][  0]LogEngineSessionManager: EngineSessionManager initialized
[2020.09.11-16.31.15:821][  0]LogEditorSessionSummary: Verbose: Initializing EditorSessionSummaryWriter for editor session tracking
[2020.09.11-16.31.15:822][  0]LogEditorSessionSummary: EditorSessionSummaryWriter initialized
[2020.09.11-16.31.15:859][  0]LogInit: Transaction tracking system initialized
[2020.09.11-16.31.15:873][  0]BlueprintLog: New page: Editor Load
[2020.09.11-16.31.15:917][  0]LocalizationService: Localization service is disabled
[2020.09.11-16.31.15:973][  0]LogVSAccessor: Display: Unable to create Visual Studio setup instance: 80040154
[2020.09.11-16.31.15:973][  0]LogVSAccessor: Display: Unable to create Visual Studio setup instance: 80040154
[2020.09.11-16.31.16:029][  0]LogCook: Display: Max memory allowance for cook 16384mb min free memory 0mb
[2020.09.11-16.31.16:029][  0]LogCook: Display: Mobile HDR setting 1
[2020.09.11-16.31.16:117][  0]LogFileCache: Scanning file cache for directory 'C:/Users/Pishys/Documents/Unreal Projects/TrainningAdventure/Content/' took 0.00s
[2020.09.11-16.31.16:252][  0]SourceControl: Source control is disabled
[2020.09.11-16.31.16:252][  0]LogUnrealEdMisc: Loading editor; pre map load, took 4.791
[2020.09.11-16.31.16:252][  0]Cmd: MAP LOAD FILE="../../../../../../Users/Pishys/Documents/Unreal Projects/TrainningAdventure/Content/ThirdPersonBP/Maps/ThirdPersonExampleMap.umap" TEMPLATE=0 SHOWPROGRESS=1 FEATURELEVEL=3
[2020.09.11-16.31.16:252][  0]LightingResults: New page: Lighting Build
[2020.09.11-16.31.16:253][  0]LogWorld: UWorld::CleanupWorld for Untitled, bSessionEnded=true, bCleanupResources=true
[2020.09.11-16.31.16:253][  0]LogSlate: InvalidateAllWidgets triggered.  All widgets were invalidated
[2020.09.11-16.31.16:253][  0]MapCheck: New page: Map Check
[2020.09.11-16.31.16:253][  0]LightingResults: New page: Lighting Build
[2020.09.11-16.31.16:262][  0]LogAISub: UAISubsystem::~UAISubsystem EnvQueryManager (00000290B4AE8800), frame # 0
[2020.09.11-16.31.16:262][  0]LogAISub: UAISubsystem::~UAISubsystem AIPerceptionSystem (00000290B4B01440), frame # 0
[2020.09.11-16.31.16:263][  0]LogUObjectHash: Compacting FUObjectHashTables data took   0.65ms
[2020.09.11-16.31.16:440][  0]LogAIModule: Creating AISystem for world ThirdPersonExampleMap
[2020.09.11-16.31.16:440][  0]LogAISub: UAISubsystem::UAISubsystem EnvQueryManager (00000290AAD2FE00), frame # 0
[2020.09.11-16.31.16:440][  0]LogAISub: UAISubsystem::UAISubsystem AIPerceptionSystem (00000290AADB8B80), frame # 0
[2020.09.11-16.31.16:444][  0]LogEditorServer: Finished looking for orphan Actors (0.000 secs)
[2020.09.11-16.31.16:474][  0]LogUObjectHash: Compacting FUObjectHashTables data took   0.82ms
[2020.09.11-16.31.16:474][  0]Cmd: MAP CHECKDEP NOCLEARLOG
[2020.09.11-16.31.16:474][  0]MapCheck: Map check complete: 0 Error(s), 0 Warning(s), took 0.162ms to complete.
[2020.09.11-16.31.16:474][  0]LogFileHelpers: Loading map 'ThirdPersonExampleMap' took 0.223
[2020.09.11-16.31.16:476][  0]LogUnrealEdMisc: Total Editor Startup Time, took 5.015
[2020.09.11-16.31.16:573][  0]LogSlate: Updating window title bar state: overlay mode, drag disabled, window buttons hidden, title bar hidden
[2020.09.11-16.31.16:579][  0]LogSlate: Updating window title bar state: overlay mode, drag disabled, window buttons hidden, title bar hidden
[2020.09.11-16.31.16:584][  0]LogSlate: Updating window title bar state: overlay mode, drag disabled, window buttons hidden, title bar hidden
[2020.09.11-16.31.16:590][  0]LogSlate: Updating window title bar state: overlay mode, drag disabled, window buttons hidden, title bar hidden
[2020.09.11-16.31.16:595][  0]LogCollectionManager: Loaded 0 collections in 0.001633 seconds
[2020.09.11-16.31.16:607][  0]LogFileCache: Scanning file cache for directory 'C:/Users/Pishys/Documents/Unreal Projects/TrainningAdventure/Saved/Collections/' took 0.00s
[2020.09.11-16.31.16:607][  0]LogFileCache: Scanning file cache for directory 'C:/Users/Pishys/Documents/Unreal Projects/TrainningAdventure/Content/Developers/Pishys/Collections/' took 0.00s
[2020.09.11-16.31.16:607][  0]LogFileCache: Scanning file cache for directory 'C:/Users/Pishys/Documents/Unreal Projects/TrainningAdventure/Content/Collections/' took 0.00s
[2020.09.11-16.31.16:607][  0]LogContentBrowser: Native class hierarchy populated in 0.0081 seconds. Added 3437 classes and 839 folders.
[2020.09.11-16.31.16:609][  0]LogContentBrowser: Native class hierarchy updated for 'WidgetCarousel' in 0.0002 seconds. Added 0 classes and 0 folders.
[2020.09.11-16.31.16:644][  0]LogContentBrowser: Native class hierarchy updated for 'AddContentDialog' in 0.0002 seconds. Added 0 classes and 0 folders.
[2020.09.11-16.31.16:645][  0]LogContentBrowser: Native class hierarchy updated for 'SceneOutliner' in 0.0001 seconds. Added 2 classes and 0 folders.
[2020.09.11-16.31.16:987][  0]LogSlate: Took 0.000110 seconds to synchronously load lazily loaded font '../../../Engine/Content/Slate/Fonts/Roboto-Regular.ttf' (155K)
[2020.09.11-16.31.16:989][  0]LogSlate: Took 0.000141 seconds to synchronously load lazily loaded font '../../../Engine/Content/Slate/Fonts/Roboto-Bold.ttf' (160K)
[2020.09.11-16.31.16:991][  0]LogSlate: Took 0.000096 seconds to synchronously load lazily loaded font '../../../Engine/Content/Editor/Slate/Fonts/FontAwesome.ttf' (139K)
[2020.09.11-16.31.17:046][  0]LogRenderer: Reallocating scene render targets to support 1616x808 Format 10 NumSamples 1 (Frame:1).
[2020.09.11-16.31.17:329][  0]LogContentBrowser: Native class hierarchy updated for 'HierarchicalLODOutliner' in 0.0003 seconds. Added 0 classes and 0 folders.
[2020.09.11-16.31.17:329][  0]LogLoad: (Engine Initialization) Total time: 5.87 seconds
[2020.09.11-16.31.17:329][  0]LogLoad: (Engine Initialization) Total Blueprint compile time: 0.00 seconds
[2020.09.11-16.31.17:376][  0]LogAssetRegistry: Asset discovery search completed in 3.1022 seconds
[2020.09.11-16.31.17:379][  0]LogCollectionManager: Fixed up redirectors for 0 collections in 0.000002 seconds (updated 0 objects)
[2020.09.11-16.31.17:380][  0]LogContentStreaming: Texture pool size now 1000 MB
[2020.09.11-16.31.39:554][303]LogUdpMessaging: Warning: UDP messaging encountered an error. Auto repair routine started for reinitialization
[2020.09.11-16.31.41:345][309]FUdpSocketBuilder: Failed to subscribe UdpMessageMulticastSocket to multicast group 230.0.0.1 on interface 0.0.0.0
[2020.09.11-16.31.41:345][309]FUdpSocketBuilder: Failed to create and initialize socket UdpMessageMulticastSocket (last error: 0)
[2020.09.11-16.31.41:345][309]LogUdpMessaging: Warning: StartTransport failed to create multicast socket on 0.0.0.0:0, joined to 230.0.0.1:6666 with TTL 1
[2020.09.11-16.31.41:568][309]LogUdpMessaging: Warning: UDP messaging encountered an error. Auto repair routine started for reinitialization
[2020.09.11-16.31.43:452][315]FUdpSocketBuilder: Failed to subscribe UdpMessageMulticastSocket to multicast group 230.0.0.1 on interface 0.0.0.0
[2020.09.11-16.31.43:452][315]FUdpSocketBuilder: Failed to create and initialize socket UdpMessageMulticastSocket (last error: 0)
[2020.09.11-16.31.43:452][315]LogUdpMessaging: Warning: StartTransport failed to create multicast socket on 0.0.0.0:0, joined to 230.0.0.1:6666 with TTL 1
[2020.09.11-16.31.43:581][315]LogUdpMessaging: Warning: UDP messaging encountered an error. Auto repair routine started for reinitialization
[2020.09.11-16.31.45:460][321]FUdpSocketBuilder: Failed to subscribe UdpMessageMulticastSocket to multicast group 230.0.0.1 on interface 0.0.0.0
[2020.09.11-16.31.45:460][321]FUdpSocketBuilder: Failed to create and initialize socket UdpMessageMulticastSocket (last error: 0)
[2020.09.11-16.31.45:460][321]LogUdpMessaging: Warning: StartTransport failed to create multicast socket on 0.0.0.0:0, joined to 230.0.0.1:6666 with TTL 1
[2020.09.11-16.31.45:590][321]LogUdpMessaging: Warning: UDP messaging encountered an error. Auto repair routine started for reinitialization
[2020.09.11-16.31.47:467][327]FUdpSocketBuilder: Failed to subscribe UdpMessageMulticastSocket to multicast group 230.0.0.1 on interface 0.0.0.0
[2020.09.11-16.31.47:467][327]FUdpSocketBuilder: Failed to create and initialize socket UdpMessageMulticastSocket (last error: 0)
[2020.09.11-16.31.47:467][327]LogUdpMessaging: Warning: StartTransport failed to create multicast socket on 0.0.0.0:0, joined to 230.0.0.1:6666 with TTL 1
[2020.09.11-16.31.47:598][327]LogUdpMessaging: Warning: UDP messaging encountered an error. Auto repair routine started for reinitialization
[2020.09.11-16.31.49:473][333]FUdpSocketBuilder: Failed to subscribe UdpMessageMulticastSocket to multicast group 230.0.0.1 on interface 0.0.0.0
[2020.09.11-16.31.49:473][333]FUdpSocketBuilder: Failed to create and initialize socket UdpMessageMulticastSocket (last error: 0)
[2020.09.11-16.31.49:473][333]LogUdpMessaging: Warning: StartTransport failed to create multicast socket on 0.0.0.0:0, joined to 230.0.0.1:6666 with TTL 1
[2020.09.11-16.31.49:603][333]LogUdpMessaging: Warning: UDP messaging encountered an error. Auto repair routine started for reinitialization
[2020.09.11-16.31.51:478][339]FUdpSocketBuilder: Failed to subscribe UdpMessageMulticastSocket to multicast group 230.0.0.1 on interface 0.0.0.0
[2020.09.11-16.31.51:478][339]FUdpSocketBuilder: Failed to create and initialize socket UdpMessageMulticastSocket (last error: 0)
[2020.09.11-16.31.51:478][339]LogUdpMessaging: Warning: StartTransport failed to create multicast socket on 0.0.0.0:0, joined to 230.0.0.1:6666 with TTL 1
[2020.09.11-16.31.51:609][339]LogUdpMessaging: Warning: UDP messaging encountered an error. Auto repair routine started for reinitialization
[2020.09.11-16.31.53:483][345]FUdpSocketBuilder: Failed to subscribe UdpMessageMulticastSocket to multicast group 230.0.0.1 on interface 0.0.0.0
[2020.09.11-16.31.53:484][345]FUdpSocketBuilder: Failed to create and initialize socket UdpMessageMulticastSocket (last error: 0)
[2020.09.11-16.31.53:484][345]LogUdpMessaging: Warning: StartTransport failed to create multicast socket on 0.0.0.0:0, joined to 230.0.0.1:6666 with TTL 1
[2020.09.11-16.31.53:623][345]LogUdpMessaging: Warning: UDP messaging encountered an error. Auto repair routine started for reinitialization
[2020.09.11-16.31.55:489][351]FUdpSocketBuilder: Failed to subscribe UdpMessageMulticastSocket to multicast group 230.0.0.1 on interface 0.0.0.0
[2020.09.11-16.31.55:489][351]FUdpSocketBuilder: Failed to create and initialize socket UdpMessageMulticastSocket (last error: 0)
[2020.09.11-16.31.55:489][351]LogUdpMessaging: Warning: StartTransport failed to create multicast socket on 0.0.0.0:0, joined to 230.0.0.1:6666 with TTL 1
[2020.09.11-16.31.55:628][351]LogUdpMessaging: Warning: UDP messaging encountered an error. Auto repair routine started for reinitialization
[2020.09.11-16.31.57:496][396]FUdpSocketBuilder: Failed to subscribe UdpMessageMulticastSocket to multicast group 230.0.0.1 on interface 0.0.0.0
[2020.09.11-16.31.57:496][396]FUdpSocketBuilder: Failed to create and initialize socket UdpMessageMulticastSocket (last error: 0)
[2020.09.11-16.31.57:496][396]LogUdpMessaging: Warning: StartTransport failed to create multicast socket on 0.0.0.0:0, joined to 230.0.0.1:6666 with TTL 1
[2020.09.11-16.31.57:498][396]LogUdpMessaging: Warning: UDP messaging encountered an error. Auto repair routine started for reinitialization
[2020.09.11-16.31.59:501][613]FUdpSocketBuilder: Failed to subscribe UdpMessageMulticastSocket to multicast group 230.0.0.1 on interface 0.0.0.0
[2020.09.11-16.31.59:501][613]FUdpSocketBuilder: Failed to create and initialize socket UdpMessageMulticastSocket (last error: 0)
[2020.09.11-16.31.59:501][613]LogUdpMessaging: Warning: StartTransport failed to create multicast socket on 0.0.0.0:0, joined to 230.0.0.1:6666 with TTL 1
[2020.09.11-16.31.59:504][613]LogUdpMessaging: Warning: UDP messaging encountered an error. Auto repair routine started for reinitialization
[2020.09.11-16.32.01:606][654]FUdpSocketBuilder: Failed to subscribe UdpMessageMulticastSocket to multicast group 230.0.0.1 on interface 0.0.0.0
[2020.09.11-16.32.01:606][654]FUdpSocketBuilder: Failed to create and initialize socket UdpMessageMulticastSocket (last error: 0)
[2020.09.11-16.32.01:606][654]LogUdpMessaging: Warning: StartTransport failed to create multicast socket on 0.0.0.0:0, joined to 230.0.0.1:6666 with TTL 1
[2020.09.11-16.32.01:608][654]LogUdpMessaging: Warning: UDP messaging encountered an error. Auto repair routine started for reinitialization
[2020.09.11-16.32.03:612][699]FUdpSocketBuilder: Failed to subscribe UdpMessageMulticastSocket to multicast group 230.0.0.1 on interface 0.0.0.0
[2020.09.11-16.32.03:612][699]FUdpSocketBuilder: Failed to create and initialize socket UdpMessageMulticastSocket (last error: 0)
[2020.09.11-16.32.03:612][699]LogUdpMessaging: Warning: StartTransport failed to create multicast socket on 0.0.0.0:0, joined to 230.0.0.1:6666 with TTL 1
[2020.09.11-16.32.03:811][699]LogUdpMessaging: Warning: UDP messaging encountered an error. Auto repair routine started for reinitialization
[2020.09.11-16.32.05:618][705]FUdpSocketBuilder: Failed to subscribe UdpMessageMulticastSocket to multicast group 230.0.0.1 on interface 0.0.0.0
[2020.09.11-16.32.05:618][705]FUdpSocketBuilder: Failed to create and initialize socket UdpMessageMulticastSocket (last error: 0)
[2020.09.11-16.32.05:618][705]LogUdpMessaging: Warning: StartTransport failed to create multicast socket on 0.0.0.0:0, joined to 230.0.0.1:6666 with TTL 1
[2020.09.11-16.32.05:819][705]LogUdpMessaging: Warning: UDP messaging encountered an error. Auto repair routine started for reinitialization
[2020.09.11-16.32.07:524][711]FUdpSocketBuilder: Failed to subscribe UdpMessageMulticastSocket to multicast group 230.0.0.1 on interface 0.0.0.0
[2020.09.11-16.32.07:524][711]FUdpSocketBuilder: Failed to create and initialize socket UdpMessageMulticastSocket (last error: 0)
[2020.09.11-16.32.07:524][711]LogUdpMessaging: Warning: StartTransport failed to create multicast socket on 0.0.0.0:0, joined to 230.0.0.1:6666 with TTL 1
[2020.09.11-16.32.07:822][711]LogUdpMessaging: Warning: UDP messaging encountered an error. Auto repair routine started for reinitialization
[2020.09.11-16.32.09:630][717]FUdpSocketBuilder: Failed to subscribe UdpMessageMulticastSocket to multicast group 230.0.0.1 on interface 0.0.0.0
[2020.09.11-16.32.09:630][717]FUdpSocketBuilder: Failed to create and initialize socket UdpMessageMulticastSocket (last error: 0)
[2020.09.11-16.32.09:630][717]LogUdpMessaging: Warning: StartTransport failed to create multicast socket on 0.0.0.0:0, joined to 230.0.0.1:6666 with TTL 1
[2020.09.11-16.32.09:830][717]LogUdpMessaging: Warning: UDP messaging encountered an error. Auto repair routine started for reinitialization
[2020.09.11-16.32.11:634][723]FUdpSocketBuilder: Failed to subscribe UdpMessageMulticastSocket to multicast group 230.0.0.1 on interface 0.0.0.0
[2020.09.11-16.32.11:635][723]FUdpSocketBuilder: Failed to create and initialize socket UdpMessageMulticastSocket (last error: 0)
[2020.09.11-16.32.11:635][723]LogUdpMessaging: Warning: StartTransport failed to create multicast socket on 0.0.0.0:0, joined to 230.0.0.1:6666 with TTL 1
[2020.09.11-16.32.11:835][723]LogUdpMessaging: Warning: UDP messaging encountered an error. Auto repair routine started for reinitialization
[2020.09.11-16.32.13:639][729]FUdpSocketBuilder: Failed to subscribe UdpMessageMulticastSocket to multicast group 230.0.0.1 on interface 0.0.0.0
[2020.09.11-16.32.13:639][729]FUdpSocketBuilder: Failed to create and initialize socket UdpMessageMulticastSocket (last error: 0)
[2020.09.11-16.32.13:639][729]LogUdpMessaging: Warning: StartTransport failed to create multicast socket on 0.0.0.0:0, joined to 230.0.0.1:6666 with TTL 1
[2020.09.11-16.32.13:839][729]LogUdpMessaging: Warning: UDP messaging encountered an error. Auto repair routine started for reinitialization
[2020.09.11-16.32.15:543][735]FUdpSocketBuilder: Failed to subscribe UdpMessageMulticastSocket to multicast group 230.0.0.1 on interface 0.0.0.0
[2020.09.11-16.32.15:543][735]FUdpSocketBuilder: Failed to create and initialize socket UdpMessageMulticastSocket (last error: 0)
[2020.09.11-16.32.15:543][735]LogUdpMessaging: Warning: StartTransport failed to create multicast socket on 0.0.0.0:0, joined to 230.0.0.1:6666 with TTL 1
[2020.09.11-16.32.15:850][735]LogUdpMessaging: Warning: UDP messaging encountered an error. Auto repair routine started for reinitialization
[2020.09.11-16.32.17:647][741]FUdpSocketBuilder: Failed to subscribe UdpMessageMulticastSocket to multicast group 230.0.0.1 on interface 0.0.0.0
[2020.09.11-16.32.17:647][741]FUdpSocketBuilder: Failed to create and initialize socket UdpMessageMulticastSocket (last error: 0)
[2020.09.11-16.32.17:647][741]LogUdpMessaging: Warning: StartTransport failed to create multicast socket on 0.0.0.0:0, joined to 230.0.0.1:6666 with TTL 1
[2020.09.11-16.32.17:858][741]LogUdpMessaging: Warning: UDP messaging encountered an error. Auto repair routine started for reinitialization
[2020.09.11-16.32.19:655][786]FUdpSocketBuilder: Failed to subscribe UdpMessageMulticastSocket to multicast group 230.0.0.1 on interface 0.0.0.0
[2020.09.11-16.32.19:655][786]FUdpSocketBuilder: Failed to create and initialize socket UdpMessageMulticastSocket (last error: 0)
[2020.09.11-16.32.19:655][786]LogUdpMessaging: Warning: StartTransport failed to create multicast socket on 0.0.0.0:0, joined to 230.0.0.1:6666 with TTL 1
[2020.09.11-16.32.19:657][786]LogUdpMessaging: Warning: UDP messaging encountered an error. Auto repair routine started for reinitialization
[2020.09.11-16.32.21:668][  7]FUdpSocketBuilder: Failed to subscribe UdpMessageMulticastSocket to multicast group 230.0.0.1 on interface 0.0.0.0
[2020.09.11-16.32.21:668][  7]FUdpSocketBuilder: Failed to create and initialize socket UdpMessageMulticastSocket (last error: 0)
[2020.09.11-16.32.21:668][  7]LogUdpMessaging: Warning: StartTransport failed to create multicast socket on 0.0.0.0:0, joined to 230.0.0.1:6666 with TTL 1
[2020.09.11-16.32.21:670][  7]LogUdpMessaging: Warning: UDP messaging encountered an error. Auto repair routine started for reinitialization
[2020.09.11-16.32.23:672][231]FUdpSocketBuilder: Failed to subscribe UdpMessageMulticastSocket to multicast group 230.0.0.1 on interface 0.0.0.0
[2020.09.11-16.32.23:672][231]FUdpSocketBuilder: Failed to create and initialize socket UdpMessageMulticastSocket (last error: 0)
[2020.09.11-16.32.23:672][231]LogUdpMessaging: Warning: StartTransport failed to create multicast socket on 0.0.0.0:0, joined to 230.0.0.1:6666 with TTL 1
[2020.09.11-16.32.23:679][232]LogUdpMessaging: Warning: UDP messaging encountered an error. Auto repair routine started for reinitialization
[2020.09.11-16.32.25:678][452]FUdpSocketBuilder: Failed to subscribe UdpMessageMulticastSocket to multicast group 230.0.0.1 on interface 0.0.0.0
[2020.09.11-16.32.25:678][452]FUdpSocketBuilder: Failed to create and initialize socket UdpMessageMulticastSocket (last error: 0)
[2020.09.11-16.32.25:678][452]LogUdpMessaging: Warning: StartTransport failed to create multicast socket on 0.0.0.0:0, joined to 230.0.0.1:6666 with TTL 1
[2020.09.11-16.32.25:681][452]LogUdpMessaging: Warning: UDP messaging encountered an error. Auto repair routine started for reinitialization
[2020.09.11-16.32.27:684][677]FUdpSocketBuilder: Failed to subscribe UdpMessageMulticastSocket to multicast group 230.0.0.1 on interface 0.0.0.0
[2020.09.11-16.32.27:684][677]FUdpSocketBuilder: Failed to create and initialize socket UdpMessageMulticastSocket (last error: 0)
[2020.09.11-16.32.27:684][677]LogUdpMessaging: Warning: StartTransport failed to create multicast socket on 0.0.0.0:0, joined to 230.0.0.1:6666 with TTL 1
[2020.09.11-16.32.27:688][677]LogUdpMessaging: Warning: UDP messaging encountered an error. Auto repair routine started for reinitialization
[2020.09.11-16.32.29:696][885]LogUdpMessaging: Initializing bridge on interface 192.168.30.10:0 to multicast group 230.0.0.1:6666.
[2020.09.11-16.32.29:696][885]FUdpSocketBuilder: Failed to bind UdpMessageUnicastSocket to 192.168.30.10:0
[2020.09.11-16.32.29:696][885]FUdpSocketBuilder: Failed to configure multicast for UdpMessageUnicastSocket (loopback: 1, ttl: 1)
[2020.09.11-16.32.29:696][885]FUdpSocketBuilder: Failed to create and initialize socket UdpMessageUnicastSocket (last error: 0)
[2020.09.11-16.32.29:696][885]LogUdpMessaging: Error: StartTransport failed to create unicast socket on 192.168.30.10:0
[2020.09.11-16.32.29:715][885]LogSlate: Window 'Project Settings' being destroyed
[2020.09.11-16.32.29:720][885]LogSlate: Window 'Project Settings' being destroyed
[2020.09.11-16.34.21:609][968]LogSlate: Window 'Multi-User Browser' being destroyed
[2020.09.11-16.34.21:612][968]LogSlate: Window 'Multi-User Browser' being destroyed
[2020.09.11-16.34.35:823][464]LogEditorViewport: Clicking on Actor (LMB): StaticMeshActor (Floor)
[2020.09.11-16.35.51:483][699]LogSlate: Window 'Multi-User Browser' being destroyed
[2020.09.11-16.35.51:486][699]LogSlate: Window 'Multi-User Browser' being destroyed
[2020.09.11-16.36.11:694][691]LogSlate: Window 'Message' being destroyed
[2020.09.11-16.36.11:696][691]Message dialog closed, result: Yes, title: Message, text: Are you sure you want to update the default settings?
[2020.09.11-16.36.12:749][691]LogSlate: Window 'Message' being destroyed
[2020.09.11-16.36.12:751][691]Message dialog closed, result: Ok, title: Message, text: The default configuration file for these settings was updated successfully. 

If checked into source control this would affect other developers.
[2020.09.11-16.36.14:687][922]LogSlate: Window 'Project Settings' being destroyed
[2020.09.11-16.36.14:689][922]LogSlate: Window 'Project Settings' being destroyed
[2020.09.11-16.38.00:100][229]LogHttp: Warning: 00000290C3CD0F00: invalid HTTP response code received. URL: https://datarouter.ol.epicgames.com/datarouter/api/v1/public/data?SessionID=%7B2CB24112-4967-CE7D-5E13-3284CC490B95%7D&AppID=UEEditor.Rocket.Release&AppVersion=4.25.3-13942748%2B%2B%2BUE4%2BRelease-4.25&UserID=68838f2a4ad5f7e2156045a5f9c50c07%7C2887eaaf36b44f198b9d06cfa7a8391f%7Cf0de42c9-47f2-4df9-b78b-72e40877b028&AppEnvironment=datacollector-source&UploadType=eteventstream, HTTP code: 0, content length: 0, actual payload size: 0
[2020.09.11-16.38.00:100][229]LogHttp: Warning: 00000290C3CD0F00: request failed, libcurl error: 35 (SSL connect error)
[2020.09.11-16.38.00:100][229]LogHttp: Warning: 00000290C3CD0F00: libcurl info message cache 0 (Connection 2 seems to be dead!)
[2020.09.11-16.38.00:100][229]LogHttp: Warning: 00000290C3CD0F00: libcurl info message cache 1 (Closing connection 2)
[2020.09.11-16.38.00:100][229]LogHttp: Warning: 00000290C3CD0F00: libcurl info message cache 2 (  Trying 34.197.129.116...)
[2020.09.11-16.38.00:100][229]LogHttp: Warning: 00000290C3CD0F00: libcurl info message cache 3 (TCP_NODELAY set)
[2020.09.11-16.38.00:100][229]LogHttp: Warning: 00000290C3CD0F00: libcurl info message cache 4 (Connected to datarouter.ol.epicgames.com (34.197.129.116) port 443 (#3))
[2020.09.11-16.38.00:100][229]LogHttp: Warning: 00000290C3CD0F00: libcurl info message cache 5 (ALPN, offering http/1.1)
[2020.09.11-16.38.00:100][229]LogHttp: Warning: 00000290C3CD0F00: libcurl info message cache 6 (Cipher selection: ALL:!EXPORT:!EXPORT40:!EXPORT56:!aNULL:!LOW:!RC4:@STRENGTH)
[2020.09.11-16.38.00:100][229]LogHttp: Warning: 00000290C3CD0F00: libcurl info message cache 7 (SSL re-using session ID)
[2020.09.11-16.38.00:100][229]LogHttp: Warning: 00000290C3CD0F00: libcurl info message cache 8 (TLSv1.3 (OUT), TLS handshake, Client hello (1):)
[2020.09.11-16.38.00:100][229]LogHttp: Warning: 00000290C3CD0F00: libcurl info message cache 9 (TLSv1.3 (IN), TLS handshake, Server hello (2):)
[2020.09.11-16.38.00:101][229]LogHttp: Warning: 00000290C3CD0F00: libcurl info message cache 10 (OpenSSL SSL_connect: SSL_ERROR_SYSCALL in connection to datarouter.ol.epicgames.com:443 )
[2020.09.11-16.38.00:101][229]LogHttp: Warning: 00000290C3CD0F00: libcurl info message cache 11 (Closing connection 3)
[2020.09.11-16.38.00:435][230]LogHttp: Warning: Retry exhausted on https://datarouter.ol.epicgames.com/datarouter/api/v1/public/data?SessionID=%7B2CB24112-4967-CE7D-5E13-3284CC490B95%7D&AppID=UEEditor.Rocket.Release&AppVersion=4.25.3-13942748%2B%2B%2BUE4%2BRelease-4.25&UserID=68838f2a4ad5f7e2156045a5f9c50c07%7C2887eaaf36b44f198b9d06cfa7a8391f%7Cf0de42c9-47f2-4df9-b78b-72e40877b028&AppEnvironment=datacollector-source&UploadType=eteventstream
